TN:
SF:src/services/NotificationService.ts
FN:36,(anonymous_0)
FN:54,(anonymous_1)
FN:87,(anonymous_2)
FN:106,(anonymous_3)
FN:113,(anonymous_4)
FN:145,(anonymous_5)
FN:173,(anonymous_6)
FN:188,(anonymous_7)
FN:211,(anonymous_8)
FN:217,(anonymous_9)
FN:234,(anonymous_10)
FN:263,(anonymous_11)
FN:279,(anonymous_12)
FN:292,(anonymous_13)
FN:323,(anonymous_14)
FN:331,(anonymous_15)
FN:344,(anonymous_16)
FN:357,(anonymous_17)
FN:370,(anonymous_18)
FN:383,(anonymous_19)
FN:396,(anonymous_20)
FN:397,(anonymous_21)
FN:403,(anonymous_22)
FN:441,(anonymous_23)
FN:466,(anonymous_24)
FN:509,(anonymous_25)
FNF:26
FNH:26
FNDA:39,(anonymous_0)
FNDA:39,(anonymous_1)
FNDA:25,(anonymous_2)
FNDA:1,(anonymous_3)
FNDA:3,(anonymous_4)
FNDA:3,(anonymous_5)
FNDA:5,(anonymous_6)
FNDA:3,(anonymous_7)
FNDA:4,(anonymous_8)
FNDA:4,(anonymous_9)
FNDA:26,(anonymous_10)
FNDA:26,(anonymous_11)
FNDA:26,(anonymous_12)
FNDA:26,(anonymous_13)
FNDA:26,(anonymous_14)
FNDA:73,(anonymous_15)
FNDA:25,(anonymous_16)
FNDA:26,(anonymous_17)
FNDA:26,(anonymous_18)
FNDA:86,(anonymous_19)
FNDA:4,(anonymous_20)
FNDA:4,(anonymous_21)
FNDA:3,(anonymous_22)
FNDA:6,(anonymous_23)
FNDA:3,(anonymous_24)
FNDA:2,(anonymous_25)
DA:6,1
DA:7,1
DA:8,1
DA:15,1
DA:30,1
DA:34,39
DA:37,39
DA:40,39
DA:48,39
DA:55,39
DA:57,39
DA:58,36
DA:63,36
DA:64,36
DA:65,35
DA:67,1
DA:68,1
DA:72,39
DA:73,39
DA:79,0
DA:80,0
DA:92,25
DA:100,25
DA:107,1
DA:121,3
DA:122,3
DA:125,3
DA:132,3
DA:150,3
DA:151,3
DA:153,3
DA:155,3
DA:182,5
DA:184,2
DA:186,2
DA:187,1
DA:188,1
DA:189,3
DA:193,2
DA:196,3
DA:199,3
DA:201,3
DA:202,1
DA:203,2
DA:204,1
DA:205,1
DA:206,1
DA:209,3
DA:210,3
DA:211,4
DA:214,3
DA:217,4
DA:218,3
DA:221,3
DA:235,26
DA:238,26
DA:239,26
DA:243,26
DA:244,26
DA:248,26
DA:249,26
DA:253,26
DA:254,26
DA:256,0
DA:264,26
DA:265,26
DA:266,26
DA:267,26
DA:273,26
DA:281,26
DA:293,26
DA:294,0
DA:297,26
DA:299,26
DA:300,30
DA:301,30
DA:305,25
DA:307,5
DA:309,5
DA:310,1
DA:311,1
DA:315,4
DA:324,26
DA:325,26
DA:327,26
DA:329,26
DA:330,19
DA:331,19
DA:332,73
DA:336,26
DA:338,26
DA:345,25
DA:351,25
DA:358,26
DA:364,26
DA:371,26
DA:377,26
DA:384,86
DA:385,32
DA:387,54
DA:388,9
DA:390,45
DA:397,4
DA:410,3
DA:413,3
DA:414,3
DA:416,3
DA:417,1
DA:418,2
DA:419,1
DA:420,1
DA:421,1
DA:422,1
DA:425,3
DA:428,3
DA:442,6
DA:444,5
DA:445,5
DA:447,5
DA:449,1
DA:450,1
DA:452,2
DA:453,2
DA:455,1
DA:456,1
DA:458,1
DA:459,1
DA:472,3
DA:474,3
DA:475,3
DA:476,3
DA:478,3
DA:479,3
DA:481,3
DA:482,1
DA:483,1
DA:484,2
DA:485,1
DA:486,1
DA:489,3
DA:495,3
DA:510,2
DA:511,2
DA:512,2
DA:514,1
DA:518,2
LF:146
LH:142
BRDA:37,0,0,39
BRDA:37,0,1,0
BRDA:57,1,0,36
BRDA:57,2,0,39
BRDA:57,2,1,37
BRDA:89,3,0,5
BRDA:97,4,0,25
BRDA:97,4,1,18
BRDA:119,5,0,0
BRDA:121,6,0,2
BRDA:121,6,1,1
BRDA:122,7,0,2
BRDA:122,7,1,1
BRDA:150,8,0,2
BRDA:150,8,1,1
BRDA:151,9,0,2
BRDA:151,9,1,1
BRDA:158,10,0,2
BRDA:158,10,1,1
BRDA:182,11,0,2
BRDA:182,11,1,3
BRDA:186,12,0,1
BRDA:201,13,0,1
BRDA:201,13,1,2
BRDA:203,14,0,1
BRDA:203,14,1,1
BRDA:205,15,0,1
BRDA:209,16,0,2
BRDA:209,16,1,1
BRDA:218,17,0,3
BRDA:218,17,1,0
BRDA:238,18,0,26
BRDA:243,19,0,26
BRDA:248,20,0,26
BRDA:248,21,0,26
BRDA:248,21,1,26
BRDA:248,21,2,26
BRDA:293,22,0,0
BRDA:293,23,0,26
BRDA:293,23,1,26
BRDA:309,24,0,1
BRDA:329,25,0,19
BRDA:329,26,0,26
BRDA:329,26,1,19
BRDA:384,27,0,32
BRDA:387,28,0,9
BRDA:413,29,0,2
BRDA:413,29,1,1
BRDA:416,30,0,1
BRDA:416,30,1,2
BRDA:418,31,0,1
BRDA:418,31,1,1
BRDA:420,32,0,1
BRDA:422,33,0,1
BRDA:422,33,1,0
BRDA:441,34,0,2
BRDA:442,35,0,1
BRDA:447,36,0,1
BRDA:447,36,1,2
BRDA:447,36,2,1
BRDA:447,36,3,1
BRDA:481,37,0,1
BRDA:481,37,1,2
BRDA:481,38,0,3
BRDA:481,38,1,2
BRDA:484,39,0,1
BRDA:484,40,0,2
BRDA:484,40,1,1
BRDA:510,41,0,2
BRF:69
BRH:64
end_of_record
