TN:
SF:src/main.ts
FN:30,parseArgs
FN:76,showHelp
FN:106,showVersion
FN:122,main
FN:177,(anonymous_4)
FN:191,(anonymous_5)
FN:192,(anonymous_6)
FN:193,(anonymous_7)
FN:196,(anonymous_8)
FN:202,(anonymous_9)
FN:218,(anonymous_10)
FN:241,(anonymous_11)
FN:261,(anonymous_12)
FNF:13
FNH:0
FNDA:0,parseArgs
FNDA:0,showHelp
FNDA:0,showVersion
FNDA:0,main
FNDA:0,(anonymous_4)
FNDA:0,(anonymous_5)
FNDA:0,(anonymous_6)
FNDA:0,(anonymous_7)
FNDA:0,(anonymous_8)
FNDA:0,(anonymous_9)
FNDA:0,(anonymous_10)
FNDA:0,(anonymous_11)
FNDA:0,(anonymous_12)
DA:10,0
DA:11,0
DA:12,0
DA:13,0
DA:14,0
DA:31,0
DA:32,0
DA:34,0
DA:35,0
DA:37,0
DA:39,0
DA:42,0
DA:43,0
DA:44,0
DA:46,0
DA:49,0
DA:50,0
DA:53,0
DA:54,0
DA:56,0
DA:57,0
DA:59,0
DA:60,0
DA:62,0
DA:63,0
DA:64,0
DA:66,0
DA:70,0
DA:77,0
DA:107,0
DA:108,0
DA:109,0
DA:110,0
DA:111,0
DA:113,0
DA:114,0
DA:115,0
DA:123,0
DA:126,0
DA:127,0
DA:128,0
DA:131,0
DA:132,0
DA:133,0
DA:137,0
DA:139,0
DA:140,0
DA:143,0
DA:144,0
DA:147,0
DA:148,0
DA:151,0
DA:154,0
DA:155,0
DA:157,0
DA:158,0
DA:159,0
DA:161,0
DA:166,0
DA:167,0
DA:168,0
DA:170,0
DA:171,0
DA:172,0
DA:177,0
DA:178,0
DA:180,0
DA:181,0
DA:182,0
DA:183,0
DA:185,0
DA:186,0
DA:191,0
DA:192,0
DA:193,0
DA:196,0
DA:197,0
DA:198,0
DA:202,0
DA:203,0
DA:204,0
DA:208,0
DA:211,0
DA:212,0
DA:218,0
DA:219,0
DA:220,0
DA:222,0
DA:231,0
DA:232,0
DA:241,0
DA:242,0
DA:246,0
DA:247,0
DA:248,0
DA:249,0
DA:251,0
DA:252,0
DA:255,0
DA:260,0
DA:261,0
DA:262,0
DA:263,0
DA:267,0
DA:268,0
LF:105
LH:0
BRDA:37,0,0,0
BRDA:39,1,0,0
BRDA:39,1,1,0
BRDA:39,1,2,0
BRDA:39,1,3,0
BRDA:39,1,4,0
BRDA:39,1,5,0
BRDA:39,1,6,0
BRDA:39,1,7,0
BRDA:39,1,8,0
BRDA:43,2,0,0
BRDA:62,3,0,0
BRDA:126,4,0,0
BRDA:131,5,0,0
BRDA:139,6,0,0
BRDA:147,7,0,0
BRDA:147,7,1,0
BRDA:154,8,0,0
BRDA:171,9,0,0
BRDA:171,9,1,0
BRDA:246,10,0,0
BRDA:246,10,1,0
BRDA:252,11,0,0
BRDA:252,11,1,0
BRDA:260,12,0,0
BRF:25
BRH:0
end_of_record
TN:
SF:src/config/ConfigLoader.ts
FN:17,(anonymous_0)
FN:25,(anonymous_1)
FN:47,(anonymous_2)
FN:76,(anonymous_3)
FN:93,(anonymous_4)
FN:105,(anonymous_5)
FNF:6
FNH:0
FNDA:0,(anonymous_0)
FNDA:0,(anonymous_1)
FNDA:0,(anonymous_2)
FNDA:0,(anonymous_3)
FNDA:0,(anonymous_4)
FNDA:0,(anonymous_5)
DA:1,0
DA:2,0
DA:3,0
DA:4,0
DA:5,0
DA:10,0
DA:11,0
DA:12,0
DA:18,0
DA:19,0
DA:26,0
DA:27,0
DA:28,0
DA:31,0
DA:34,0
DA:36,0
DA:48,0
DA:50,0
DA:51,0
DA:54,0
DA:55,0
DA:58,0
DA:59,0
DA:62,0
DA:63,0
DA:66,0
DA:67,0
DA:70,0
DA:77,0
DA:78,0
DA:79,0
DA:80,0
DA:82,0
DA:94,0
DA:95,0
DA:96,0
DA:98,0
DA:106,0
LF:38
LH:0
BRDA:17,0,0,0
BRDA:39,1,0,0
BRDA:39,1,1,0
BRDA:50,2,0,0
BRDA:54,3,0,0
BRDA:58,4,0,0
BRDA:62,5,0,0
BRDA:66,6,0,0
BRDA:85,7,0,0
BRDA:85,7,1,0
BRF:10
BRH:0
end_of_record
TN:
SF:src/config/schema.ts
FN:72,(anonymous_0)
FN:75,(anonymous_1)
FN:100,(anonymous_2)
FN:109,(anonymous_3)
FN:128,(anonymous_4)
FN:140,(anonymous_5)
FN:175,(anonymous_6)
FNF:7
FNH:0
FNDA:0,(anonymous_0)
FNDA:0,(anonymous_1)
FNDA:0,(anonymous_2)
FNDA:0,(anonymous_3)
FNDA:0,(anonymous_4)
FNDA:0,(anonymous_5)
FNDA:0,(anonymous_6)
DA:1,0
DA:7,0
DA:15,0
DA:28,0
DA:38,0
DA:52,0
DA:60,0
DA:70,0
DA:72,0
DA:75,0
DA:93,0
DA:101,0
DA:117,0
DA:119,0
DA:120,0
DA:126,0
DA:128,0
DA:148,0
DA:149,0
DA:159,0
DA:161,0
DA:176,0
LF:22
LH:0
BRDA:119,0,0,0
BRDA:148,1,0,0
BRDA:148,2,0,0
BRDA:148,2,1,0
BRF:4
BRH:0
end_of_record
TN:
SF:src/examples/NotificationService-Examples.ts
FN:14,createExampleConfig
FN:60,basicSetupExample
FN:94,tradingNotificationsExample
FN:135,statusMonitoringExample
FN:169,errorHandlingExample
FN:213,(anonymous_5)
FN:217,(anonymous_6)
FN:228,(anonymous_7)
FN:264,(anonymous_8)
FN:266,(anonymous_9)
FN:274,(anonymous_10)
FN:293,(anonymous_11)
FN:308,(anonymous_12)
FN:321,(anonymous_13)
FN:361,(anonymous_14)
FN:370,(anonymous_15)
FN:399,(anonymous_16)
FN:403,(anonymous_17)
FN:414,(anonymous_18)
FN:417,(anonymous_19)
FN:422,(anonymous_20)
FN:456,(anonymous_21)
FN:468,runExamples
FN:497,(anonymous_23)
FNF:24
FNH:0
FNDA:0,createExampleConfig
FNDA:0,basicSetupExample
FNDA:0,tradingNotificationsExample
FNDA:0,statusMonitoringExample
FNDA:0,errorHandlingExample
FNDA:0,(anonymous_5)
FNDA:0,(anonymous_6)
FNDA:0,(anonymous_7)
FNDA:0,(anonymous_8)
FNDA:0,(anonymous_9)
FNDA:0,(anonymous_10)
FNDA:0,(anonymous_11)
FNDA:0,(anonymous_12)
FNDA:0,(anonymous_13)
FNDA:0,(anonymous_14)
FNDA:0,(anonymous_15)
FNDA:0,(anonymous_16)
FNDA:0,(anonymous_17)
FNDA:0,(anonymous_18)
FNDA:0,(anonymous_19)
FNDA:0,(anonymous_20)
FNDA:0,(anonymous_21)
FNDA:0,runExamples
FNDA:0,(anonymous_23)
DA:7,0
DA:8,0
DA:9,0
DA:15,0
DA:61,0
DA:64,0
DA:65,0
DA:68,0
DA:71,0
DA:77,0
DA:88,0
DA:95,0
DA:97,0
DA:98,0
DA:101,0
DA:111,0
DA:121,0
DA:129,0
DA:136,0
DA:138,0
DA:139,0
DA:142,0
DA:154,0
DA:161,0
DA:163,0
DA:170,0
DA:172,0
DA:173,0
DA:175,0
DA:177,0
DA:180,0
DA:194,0
DA:195,0
DA:196,0
DA:197,0
DA:199,0
DA:207,0
DA:208,0
DA:209,0
DA:210,0
DA:214,0
DA:218,0
DA:219,0
DA:220,0
DA:221,0
DA:223,0
DA:224,0
DA:229,0
DA:230,0
DA:237,0
DA:239,0
DA:241,0
DA:252,0
DA:255,0
DA:260,0
DA:266,0
DA:268,0
DA:275,0
DA:277,0
DA:278,0
DA:280,0
DA:283,0
DA:284,0
DA:288,0
DA:289,0
DA:293,0
DA:294,0
DA:297,0
DA:305,0
DA:310,0
DA:312,0
DA:313,0
DA:322,0
DA:323,0
DA:325,0
DA:326,0
DA:327,0
DA:328,0
DA:330,0
DA:332,0
DA:341,0
DA:342,0
DA:343,0
DA:346,0
DA:347,0
DA:349,0
DA:353,0
DA:362,0
DA:371,0
DA:373,0
DA:386,0
DA:388,0
DA:400,0
DA:404,0
DA:405,0
DA:406,0
DA:407,0
DA:409,0
DA:410,0
DA:415,0
DA:417,0
DA:418,0
DA:423,0
DA:431,0
DA:434,0
DA:435,0
DA:445,0
DA:446,0
DA:457,0
DA:458,0
DA:459,0
DA:460,0
DA:469,0
DA:471,0
DA:473,0
DA:474,0
DA:476,0
DA:477,0
DA:479,0
DA:480,0
DA:482,0
DA:483,0
DA:486,0
DA:487,0
DA:488,0
DA:489,0
DA:492,0
DA:493,0
DA:494,0
DA:497,0
DA:498,0
DA:500,0
DA:503,0
DA:509,0
DA:510,0
DA:511,0
DA:512,0
DA:513,0
DA:514,0
DA:515,0
DA:519,0
DA:520,0
LF:142
LH:0
BRDA:256,0,0,0
BRDA:256,0,1,0
BRDA:277,1,0,0
BRDA:277,1,1,0
BRDA:283,2,0,0
BRDA:288,3,0,0
BRDA:298,4,0,0
BRDA:298,4,1,0
BRDA:312,5,0,0
BRDA:325,6,0,0
BRDA:325,6,1,0
BRDA:326,7,0,0
BRDA:326,7,1,0
BRDA:343,8,0,0
BRDA:343,8,1,0
BRDA:346,9,0,0
BRDA:346,9,1,0
BRDA:354,10,0,0
BRDA:354,10,1,0
BRDA:434,11,0,0
BRDA:445,12,0,0
BRDA:457,13,0,0
BRDA:519,14,0,0
BRF:23
BRH:0
end_of_record
TN:
SF:src/models/GridBot.ts
FN:50,(anonymous_0)
FN:71,(anonymous_1)
FN:79,(anonymous_2)
FN:118,(anonymous_3)
FN:157,(anonymous_4)
FN:190,(anonymous_5)
FN:191,(anonymous_6)
FN:205,(anonymous_7)
FN:226,(anonymous_8)
FN:256,(anonymous_9)
FN:325,(anonymous_10)
FN:393,(anonymous_11)
FN:417,(anonymous_12)
FN:435,(anonymous_13)
FN:453,(anonymous_14)
FN:460,(anonymous_15)
FN:473,(anonymous_16)
FN:495,(anonymous_17)
FN:536,(anonymous_18)
FN:546,createGridBot
FNF:20
FNH:0
FNDA:0,(anonymous_0)
FNDA:0,(anonymous_1)
FNDA:0,(anonymous_2)
FNDA:0,(anonymous_3)
FNDA:0,(anonymous_4)
FNDA:0,(anonymous_5)
FNDA:0,(anonymous_6)
FNDA:0,(anonymous_7)
FNDA:0,(anonymous_8)
FNDA:0,(anonymous_9)
FNDA:0,(anonymous_10)
FNDA:0,(anonymous_11)
FNDA:0,(anonymous_12)
FNDA:0,(anonymous_13)
FNDA:0,(anonymous_14)
FNDA:0,(anonymous_15)
FNDA:0,(anonymous_16)
FNDA:0,(anonymous_17)
FNDA:0,(anonymous_18)
FNDA:0,createGridBot
DA:1,0
DA:2,0
DA:3,0
DA:5,0
DA:38,0
DA:44,0
DA:45,0
DA:46,0
DA:48,0
DA:51,0
DA:52,0
DA:55,0
DA:56,0
DA:59,0
DA:69,0
DA:71,0
DA:80,0
DA:81,0
DA:82,0
DA:85,0
DA:86,0
DA:89,0
DA:92,0
DA:95,0
DA:97,0
DA:98,0
DA:99,0
DA:100,0
DA:101,0
DA:103,0
DA:108,0
DA:109,0
DA:110,0
DA:111,0
DA:119,0
DA:120,0
DA:121,0
DA:124,0
DA:125,0
DA:128,0
DA:129,0
DA:130,0
DA:134,0
DA:135,0
DA:138,0
DA:139,0
DA:141,0
DA:147,0
DA:148,0
DA:149,0
DA:150,0
DA:158,0
DA:160,0
DA:161,0
DA:162,0
DA:165,0
DA:172,0
DA:174,0
DA:179,0
DA:180,0
DA:181,0
DA:191,0
DA:192,0
DA:193,0
DA:195,0
DA:196,0
DA:197,0
DA:206,0
DA:208,0
DA:210,0
DA:211,0
DA:212,0
DA:214,0
DA:215,0
DA:219,0
DA:220,0
DA:227,0
DA:230,0
DA:231,0
DA:234,0
DA:237,0
DA:240,0
DA:241,0
DA:245,0
DA:246,0
DA:250,0
DA:257,0
DA:264,0
DA:267,0
DA:269,0
DA:276,0
DA:286,0
DA:296,0
DA:298,0
DA:306,0
DA:308,0
DA:316,0
DA:317,0
DA:318,0
DA:326,0
DA:333,0
DA:336,0
DA:338,0
DA:345,0
DA:355,0
DA:365,0
DA:367,0
DA:374,0
DA:376,0
DA:384,0
DA:385,0
DA:386,0
DA:394,0
DA:395,0
DA:398,0
DA:400,0
DA:406,0
DA:410,0
DA:418,0
DA:420,0
DA:422,0
DA:423,0
DA:424,0
DA:425,0
DA:427,0
DA:436,0
DA:437,0
DA:439,0
DA:440,0
DA:441,0
DA:442,0
DA:446,0
DA:447,0
DA:454,0
DA:464,0
DA:474,0
DA:476,0
DA:478,0
DA:481,0
DA:482,0
DA:484,0
DA:486,0
DA:487,0
DA:488,0
DA:504,0
DA:510,0
DA:512,0
DA:514,0
DA:515,0
DA:516,0
DA:517,0
DA:518,0
DA:527,0
DA:537,0
DA:538,0
DA:539,0
DA:546,0
DA:547,0
DA:550,0
LF:159
LH:0
BRDA:80,0,0,0
BRDA:119,1,0,0
BRDA:128,2,0,0
BRDA:134,3,0,0
BRDA:267,4,0,0
BRDA:267,4,1,0
BRDA:296,5,0,0
BRDA:296,6,0,0
BRDA:296,6,1,0
BRDA:336,7,0,0
BRDA:336,7,1,0
BRDA:365,8,0,0
BRDA:394,9,0,0
BRDA:441,10,0,0
BRDA:516,11,0,0
BRF:15
BRH:0
end_of_record
TN:
SF:src/services/Backtester.ts
FN:48,(anonymous_0)
FN:57,(anonymous_1)
FN:78,(anonymous_2)
FN:104,(anonymous_3)
FN:121,(anonymous_4)
FN:143,(anonymous_5)
FN:165,(anonymous_6)
FN:174,(anonymous_7)
FN:181,(anonymous_8)
FN:196,(anonymous_9)
FN:273,(anonymous_10)
FN:300,(anonymous_11)
FN:372,(anonymous_12)
FN:455,(anonymous_13)
FN:511,(anonymous_14)
FN:540,(anonymous_15)
FN:771,(anonymous_16)
FN:772,(anonymous_17)
FN:786,(anonymous_18)
FN:787,(anonymous_19)
FN:800,(anonymous_20)
FN:822,(anonymous_21)
FN:823,(anonymous_22)
FN:824,(anonymous_23)
FN:825,(anonymous_24)
FN:837,(anonymous_25)
FN:840,(anonymous_26)
FN:861,(anonymous_27)
FN:884,(anonymous_28)
FN:904,(anonymous_29)
FN:913,(anonymous_30)
FN:923,(anonymous_31)
FNF:32
FNH:0
FNDA:0,(anonymous_0)
FNDA:0,(anonymous_1)
FNDA:0,(anonymous_2)
FNDA:0,(anonymous_3)
FNDA:0,(anonymous_4)
FNDA:0,(anonymous_5)
FNDA:0,(anonymous_6)
FNDA:0,(anonymous_7)
FNDA:0,(anonymous_8)
FNDA:0,(anonymous_9)
FNDA:0,(anonymous_10)
FNDA:0,(anonymous_11)
FNDA:0,(anonymous_12)
FNDA:0,(anonymous_13)
FNDA:0,(anonymous_14)
FNDA:0,(anonymous_15)
FNDA:0,(anonymous_16)
FNDA:0,(anonymous_17)
FNDA:0,(anonymous_18)
FNDA:0,(anonymous_19)
FNDA:0,(anonymous_20)
FNDA:0,(anonymous_21)
FNDA:0,(anonymous_22)
FNDA:0,(anonymous_23)
FNDA:0,(anonymous_24)
FNDA:0,(anonymous_25)
FNDA:0,(anonymous_26)
FNDA:0,(anonymous_27)
FNDA:0,(anonymous_28)
FNDA:0,(anonymous_29)
FNDA:0,(anonymous_30)
FNDA:0,(anonymous_31)
DA:6,0
DA:7,0
DA:8,0
DA:15,0
DA:16,0
DA:19,0
DA:40,0
DA:44,0
DA:45,0
DA:46,0
DA:49,0
DA:50,0
DA:51,0
DA:58,0
DA:59,0
DA:60,0
DA:61,0
DA:64,0
DA:66,0
DA:67,0
DA:70,0
DA:71,0
DA:72,0
DA:79,0
DA:80,0
DA:81,0
DA:82,0
DA:85,0
DA:87,0
DA:88,0
DA:91,0
DA:92,0
DA:94,0
DA:95,0
DA:96,0
DA:98,0
DA:105,0
DA:107,0
DA:108,0
DA:109,0
DA:110,0
DA:111,0
DA:115,0
DA:126,0
DA:129,0
DA:130,0
DA:131,0
DA:132,0
DA:133,0
DA:134,0
DA:135,0
DA:136,0
DA:142,0
DA:143,0
DA:145,0
DA:146,0
DA:148,0
DA:159,0
DA:168,0
DA:175,0
DA:182,0
DA:198,0
DA:201,0
DA:202,0
DA:205,0
DA:207,0
DA:208,0
DA:209,0
DA:210,0
DA:212,0
DA:213,0
DA:215,0
DA:218,0
DA:219,0
DA:220,0
DA:221,0
DA:222,0
DA:223,0
DA:224,0
DA:225,0
DA:227,0
DA:228,0
DA:229,0
DA:234,0
DA:235,0
DA:236,0
DA:237,0
DA:239,0
DA:241,0
DA:244,0
DA:245,0
DA:247,0
DA:262,0
DA:281,0
DA:282,0
DA:283,0
DA:284,0
DA:285,0
DA:286,0
DA:288,0
DA:301,0
DA:303,0
DA:305,0
DA:307,0
DA:308,0
DA:311,0
DA:323,0
DA:324,0
DA:325,0
DA:326,0
DA:332,0
DA:336,0
DA:343,0
DA:344,0
DA:345,0
DA:346,0
DA:353,0
DA:354,0
DA:355,0
DA:356,0
DA:357,0
DA:360,0
DA:361,0
DA:362,0
DA:366,0
DA:373,0
DA:378,0
DA:379,0
DA:385,0
DA:388,0
DA:389,0
DA:394,0
DA:398,0
DA:433,0
DA:435,0
DA:441,0
DA:443,0
DA:444,0
DA:446,0
DA:447,0
DA:461,0
DA:462,0
DA:465,0
DA:466,0
DA:467,0
DA:468,0
DA:469,0
DA:470,0
DA:472,0
DA:483,0
DA:488,0
DA:489,0
DA:490,0
DA:491,0
DA:499,0
DA:500,0
DA:503,0
DA:505,0
DA:507,0
DA:508,0
DA:511,0
DA:512,0
DA:518,0
DA:519,0
DA:520,0
DA:522,0
DA:526,0
DA:549,0
DA:550,0
DA:551,0
DA:553,0
DA:554,0
DA:555,0
DA:556,0
DA:560,0
DA:564,0
DA:565,0
DA:569,0
DA:570,0
DA:571,0
DA:574,0
DA:575,0
DA:576,0
DA:579,0
DA:581,0
DA:582,0
DA:585,0
DA:588,0
DA:589,0
DA:590,0
DA:591,0
DA:593,0
DA:595,0
DA:596,0
DA:599,0
DA:602,0
DA:617,0
DA:618,0
DA:620,0
DA:621,0
DA:622,0
DA:623,0
DA:625,0
DA:629,0
DA:630,0
DA:631,0
DA:642,0
DA:644,0
DA:645,0
DA:652,0
DA:668,0
DA:671,0
DA:676,0
DA:677,0
DA:678,0
DA:680,0
DA:691,0
DA:693,0
DA:694,0
DA:701,0
DA:718,0
DA:721,0
DA:726,0
DA:727,0
DA:729,0
DA:734,0
DA:735,0
DA:736,0
DA:740,0
DA:741,0
DA:744,0
DA:745,0
DA:752,0
DA:753,0
DA:754,0
DA:755,0
DA:756,0
DA:757,0
DA:758,0
DA:762,0
DA:765,0
DA:772,0
DA:787,0
DA:801,0
DA:802,0
DA:817,0
DA:818,0
DA:819,0
DA:820,0
DA:822,0
DA:823,0
DA:824,0
DA:825,0
DA:828,0
DA:829,0
DA:830,0
DA:831,0
DA:832,0
DA:833,0
DA:837,0
DA:839,0
DA:840,0
DA:843,0
DA:867,0
DA:869,0
DA:870,0
DA:872,0
DA:873,0
DA:874,0
DA:875,0
DA:877,0
DA:891,0
DA:893,0
DA:895,0
DA:896,0
DA:898,0
DA:905,0
DA:907,0
DA:914,0
DA:915,0
DA:916,0
DA:924,0
DA:925,0
DA:926,0
LF:284
LH:0
BRDA:60,0,0,0
BRDA:66,1,0,0
BRDA:71,2,0,0
BRDA:71,2,1,0
BRDA:81,3,0,0
BRDA:85,4,0,0
BRDA:85,4,1,0
BRDA:87,5,0,0
BRDA:108,6,0,0
BRDA:110,7,0,0
BRDA:110,7,1,0
BRDA:131,8,0,0
BRDA:133,9,0,0
BRDA:133,9,1,0
BRDA:142,10,0,0
BRDA:142,10,1,0
BRDA:146,11,0,0
BRDA:146,11,1,0
BRDA:205,12,0,0
BRDA:205,12,1,0
BRDA:208,13,0,0
BRDA:208,13,1,0
BRDA:218,14,0,0
BRDA:218,14,1,0
BRDA:218,15,0,0
BRDA:218,15,1,0
BRDA:218,15,2,0
BRDA:222,16,0,0
BRDA:222,16,1,0
BRDA:222,17,0,0
BRDA:222,17,1,0
BRDA:222,17,2,0
BRDA:228,18,0,0
BRDA:228,18,1,0
BRDA:234,19,0,0
BRDA:234,20,0,0
BRDA:234,20,1,0
BRDA:236,21,0,0
BRDA:236,21,1,0
BRDA:250,22,0,0
BRDA:250,22,1,0
BRDA:252,23,0,0
BRDA:252,23,1,0
BRDA:253,24,0,0
BRDA:253,24,1,0
BRDA:254,25,0,0
BRDA:254,25,1,0
BRDA:285,26,0,0
BRDA:285,26,1,0
BRDA:291,27,0,0
BRDA:291,27,1,0
BRDA:408,28,0,0
BRDA:408,28,1,0
BRDA:425,29,0,0
BRDA:425,29,1,0
BRDA:446,30,0,0
BRDA:465,31,0,0
BRDA:468,32,0,0
BRDA:507,33,0,0
BRDA:518,34,0,0
BRDA:518,35,0,0
BRDA:518,35,1,0
BRDA:554,36,0,0
BRDA:555,37,0,0
BRDA:555,37,1,0
BRDA:558,38,0,0
BRDA:558,38,1,0
BRDA:564,39,0,0
BRDA:581,40,0,0
BRDA:593,41,0,0
BRDA:596,42,0,0
BRDA:596,43,0,0
BRDA:596,43,1,0
BRDA:620,44,0,0
BRDA:620,44,1,0
BRDA:622,45,0,0
BRDA:644,46,0,0
BRDA:678,47,0,0
BRDA:693,48,0,0
BRDA:734,49,0,0
BRDA:734,50,0,0
BRDA:734,50,1,0
BRDA:740,51,0,0
BRDA:744,52,0,0
BRDA:752,53,0,0
BRDA:755,54,0,0
BRDA:757,55,0,0
BRDA:801,56,0,0
BRDA:817,57,0,0
BRDA:817,57,1,0
BRDA:818,58,0,0
BRDA:818,58,1,0
BRDA:820,59,0,0
BRDA:820,59,1,0
BRDA:830,60,0,0
BRDA:830,60,1,0
BRDA:831,61,0,0
BRDA:831,61,1,0
BRDA:832,62,0,0
BRDA:852,63,0,0
BRDA:852,63,1,0
BRDA:867,64,0,0
BRDA:891,65,0,0
BRDA:905,66,0,0
BRDA:914,67,0,0
BRDA:924,68,0,0
BRDA:926,69,0,0
BRDA:926,69,1,0
BRF:108
BRH:0
end_of_record
TN:
SF:src/services/BinanceService.ts
FN:94,(anonymous_0)
FN:128,(anonymous_1)
FN:141,(anonymous_2)
FN:145,(anonymous_3)
FN:176,(anonymous_4)
FN:180,(anonymous_5)
FN:195,(anonymous_6)
FN:202,(anonymous_7)
FN:238,(anonymous_8)
FN:242,(anonymous_9)
FN:271,(anonymous_10)
FN:275,(anonymous_11)
FN:296,(anonymous_12)
FN:300,(anonymous_13)
FN:315,(anonymous_14)
FN:319,(anonymous_15)
FN:334,(anonymous_16)
FN:363,(anonymous_17)
FN:383,(anonymous_18)
FN:398,(anonymous_19)
FN:406,(anonymous_20)
FN:413,(anonymous_21)
FN:425,(anonymous_22)
FN:429,(anonymous_23)
FN:457,(anonymous_24)
FN:486,(anonymous_25)
FN:563,(anonymous_26)
FN:574,(anonymous_27)
FN:582,(anonymous_28)
FN:594,(anonymous_29)
FN:601,(anonymous_30)
FN:618,(anonymous_31)
FN:638,(anonymous_32)
FN:648,(anonymous_33)
FN:667,(anonymous_34)
FN:706,(anonymous_35)
FN:724,(anonymous_36)
FN:753,(anonymous_37)
FN:761,(anonymous_38)
FN:762,(anonymous_39)
FN:768,(anonymous_40)
FN:788,(anonymous_41)
FN:801,(anonymous_42)
FN:848,(anonymous_43)
FN:867,(anonymous_44)
FN:871,(anonymous_45)
FN:890,(anonymous_46)
FNF:47
FNH:0
FNDA:0,(anonymous_0)
FNDA:0,(anonymous_1)
FNDA:0,(anonymous_2)
FNDA:0,(anonymous_3)
FNDA:0,(anonymous_4)
FNDA:0,(anonymous_5)
FNDA:0,(anonymous_6)
FNDA:0,(anonymous_7)
FNDA:0,(anonymous_8)
FNDA:0,(anonymous_9)
FNDA:0,(anonymous_10)
FNDA:0,(anonymous_11)
FNDA:0,(anonymous_12)
FNDA:0,(anonymous_13)
FNDA:0,(anonymous_14)
FNDA:0,(anonymous_15)
FNDA:0,(anonymous_16)
FNDA:0,(anonymous_17)
FNDA:0,(anonymous_18)
FNDA:0,(anonymous_19)
FNDA:0,(anonymous_20)
FNDA:0,(anonymous_21)
FNDA:0,(anonymous_22)
FNDA:0,(anonymous_23)
FNDA:0,(anonymous_24)
FNDA:0,(anonymous_25)
FNDA:0,(anonymous_26)
FNDA:0,(anonymous_27)
FNDA:0,(anonymous_28)
FNDA:0,(anonymous_29)
FNDA:0,(anonymous_30)
FNDA:0,(anonymous_31)
FNDA:0,(anonymous_32)
FNDA:0,(anonymous_33)
FNDA:0,(anonymous_34)
FNDA:0,(anonymous_35)
FNDA:0,(anonymous_36)
FNDA:0,(anonymous_37)
FNDA:0,(anonymous_38)
FNDA:0,(anonymous_39)
FNDA:0,(anonymous_40)
FNDA:0,(anonymous_41)
FNDA:0,(anonymous_42)
FNDA:0,(anonymous_43)
FNDA:0,(anonymous_44)
FNDA:0,(anonymous_45)
FNDA:0,(anonymous_46)
DA:7,0
DA:8,0
DA:9,0
DA:12,0
DA:13,0
DA:14,0
DA:23,0
DA:77,0
DA:84,0
DA:85,0
DA:86,0
DA:89,0
DA:90,0
DA:91,0
DA:92,0
DA:96,0
DA:97,0
DA:100,0
DA:110,0
DA:116,0
DA:117,0
DA:119,0
DA:129,0
DA:130,0
DA:131,0
DA:133,0
DA:134,0
DA:142,0
DA:144,0
DA:145,0
DA:146,0
DA:150,0
DA:151,0
DA:154,0
DA:155,0
DA:158,0
DA:161,0
DA:164,0
DA:166,0
DA:168,0
DA:169,0
DA:177,0
DA:179,0
DA:180,0
DA:181,0
DA:184,0
DA:185,0
DA:187,0
DA:188,0
DA:197,0
DA:199,0
DA:201,0
DA:202,0
DA:203,0
DA:207,0
DA:208,0
DA:209,0
DA:210,0
DA:211,0
DA:212,0
DA:213,0
DA:214,0
DA:216,0
DA:219,0
DA:221,0
DA:228,0
DA:230,0
DA:231,0
DA:239,0
DA:241,0
DA:242,0
DA:243,0
DA:245,0
DA:246,0
DA:247,0
DA:248,0
DA:249,0
DA:251,0
DA:254,0
DA:256,0
DA:261,0
DA:263,0
DA:264,0
DA:272,0
DA:274,0
DA:275,0
DA:276,0
DA:278,0
DA:279,0
DA:280,0
DA:282,0
DA:285,0
DA:286,0
DA:288,0
DA:289,0
DA:297,0
DA:299,0
DA:300,0
DA:301,0
DA:304,0
DA:305,0
DA:307,0
DA:308,0
DA:316,0
DA:318,0
DA:319,0
DA:320,0
DA:323,0
DA:324,0
DA:326,0
DA:327,0
DA:339,0
DA:340,0
DA:342,0
DA:348,0
DA:349,0
DA:351,0
DA:357,0
DA:364,0
DA:365,0
DA:366,0
DA:367,0
DA:370,0
DA:371,0
DA:374,0
DA:375,0
DA:377,0
DA:384,0
DA:385,0
DA:387,0
DA:388,0
DA:391,0
DA:392,0
DA:399,0
DA:400,0
DA:407,0
DA:415,0
DA:416,0
DA:419,0
DA:426,0
DA:428,0
DA:429,0
DA:430,0
DA:433,0
DA:434,0
DA:435,0
DA:438,0
DA:439,0
DA:440,0
DA:441,0
DA:445,0
DA:449,0
DA:450,0
DA:458,0
DA:460,0
DA:461,0
DA:469,0
DA:470,0
DA:478,0
DA:479,0
DA:487,0
DA:489,0
DA:490,0
DA:491,0
DA:492,0
DA:493,0
DA:495,0
DA:496,0
DA:504,0
DA:505,0
DA:513,0
DA:516,0
DA:517,0
DA:518,0
DA:519,0
DA:520,0
DA:522,0
DA:523,0
DA:531,0
DA:532,0
DA:540,0
DA:543,0
DA:544,0
DA:545,0
DA:547,0
DA:548,0
DA:556,0
DA:564,0
DA:568,0
DA:570,0
DA:571,0
DA:572,0
DA:574,0
DA:575,0
DA:579,0
DA:582,0
DA:583,0
DA:584,0
DA:585,0
DA:587,0
DA:594,0
DA:595,0
DA:601,0
DA:602,0
DA:608,0
DA:611,0
DA:619,0
DA:621,0
DA:622,0
DA:626,0
DA:629,0
DA:630,0
DA:632,0
DA:638,0
DA:639,0
DA:640,0
DA:649,0
DA:673,0
DA:674,0
DA:675,0
DA:677,0
DA:680,0
DA:681,0
DA:683,0
DA:690,0
DA:691,0
DA:692,0
DA:696,0
DA:700,0
DA:708,0
DA:709,0
DA:713,0
DA:714,0
DA:715,0
DA:718,0
DA:725,0
DA:728,0
DA:729,0
DA:732,0
DA:733,0
DA:734,0
DA:735,0
DA:738,0
DA:742,0
DA:754,0
DA:755,0
DA:762,0
DA:782,0
DA:788,0
DA:812,0
DA:818,0
DA:819,0
DA:826,0
DA:827,0
DA:828,0
DA:835,0
DA:854,0
DA:868,0
DA:870,0
DA:871,0
DA:872,0
DA:873,0
DA:874,0
DA:876,0
DA:879,0
DA:880,0
DA:882,0
DA:883,0
DA:891,0
DA:893,0
DA:895,0
DA:898,0
DA:899,0
DA:900,0
DA:904,0
DA:906,0
DA:910,0
DA:916,0
DA:918,0
DA:919,0
LF:280
LH:0
BRDA:96,0,0,0
BRDA:111,1,0,0
BRDA:111,1,1,0
BRDA:147,2,0,0
BRDA:147,2,1,0
BRDA:150,3,0,0
BRDA:154,4,0,0
BRDA:204,5,0,0
BRDA:204,5,1,0
BRDA:207,6,0,0
BRDA:208,7,0,0
BRDA:209,8,0,0
BRDA:210,9,0,0
BRDA:212,10,0,0
BRDA:213,11,0,0
BRDA:214,12,0,0
BRDA:245,13,0,0
BRDA:246,14,0,0
BRDA:248,15,0,0
BRDA:258,16,0,0
BRDA:258,16,1,0
BRDA:278,17,0,0
BRDA:279,18,0,0
BRDA:365,19,0,0
BRDA:370,20,0,0
BRDA:387,21,0,0
BRDA:387,22,0,0
BRDA:387,22,1,0
BRDA:400,23,0,0
BRDA:400,23,1,0
BRDA:439,24,0,0
BRDA:446,25,0,0
BRDA:446,25,1,0
BRDA:460,26,0,0
BRDA:469,27,0,0
BRDA:487,28,0,0
BRDA:487,28,1,0
BRDA:487,28,2,0
BRDA:489,29,0,0
BRDA:491,30,0,0
BRDA:491,30,1,0
BRDA:492,31,0,0
BRDA:492,31,1,0
BRDA:493,32,0,0
BRDA:493,32,1,0
BRDA:495,33,0,0
BRDA:495,34,0,0
BRDA:495,34,1,0
BRDA:504,35,0,0
BRDA:504,36,0,0
BRDA:504,36,1,0
BRDA:516,37,0,0
BRDA:518,38,0,0
BRDA:518,38,1,0
BRDA:519,39,0,0
BRDA:519,39,1,0
BRDA:520,40,0,0
BRDA:520,40,1,0
BRDA:522,41,0,0
BRDA:522,42,0,0
BRDA:522,42,1,0
BRDA:531,43,0,0
BRDA:531,44,0,0
BRDA:531,44,1,0
BRDA:543,45,0,0
BRDA:543,46,0,0
BRDA:543,46,1,0
BRDA:545,47,0,0
BRDA:545,47,1,0
BRDA:547,48,0,0
BRDA:564,49,0,0
BRDA:564,49,1,0
BRDA:619,50,0,0
BRDA:619,50,1,0
BRDA:621,51,0,0
BRDA:639,52,0,0
BRDA:669,53,0,0
BRDA:669,54,0,0
BRDA:669,54,1,0
BRDA:680,55,0,0
BRDA:690,56,0,0
BRDA:708,57,0,0
BRDA:708,58,0,0
BRDA:708,58,1,0
BRDA:713,59,0,0
BRDA:728,60,0,0
BRDA:728,61,0,0
BRDA:728,61,1,0
BRDA:732,62,0,0
BRDA:754,63,0,0
BRDA:754,63,1,0
BRDA:755,64,0,0
BRDA:755,64,1,0
BRDA:771,65,0,0
BRDA:818,66,0,0
BRDA:827,67,0,0
BRDA:873,68,0,0
BRF:97
BRH:0
end_of_record
TN:
SF:src/services/LiveTrader.ts
FN:84,(anonymous_0)
FN:104,(anonymous_1)
FN:119,(anonymous_2)
FN:166,(anonymous_3)
FN:203,(anonymous_4)
FN:218,(anonymous_5)
FN:231,(anonymous_6)
FN:248,(anonymous_7)
FN:255,(anonymous_8)
FN:261,(anonymous_9)
FN:295,(anonymous_10)
FN:300,(anonymous_11)
FN:331,(anonymous_12)
FN:335,(anonymous_13)
FN:352,(anonymous_14)
FN:360,(anonymous_15)
FN:366,(anonymous_16)
FN:389,(anonymous_17)
FN:409,(anonymous_18)
FN:435,(anonymous_19)
FN:440,(anonymous_20)
FN:456,(anonymous_21)
FN:510,(anonymous_22)
FN:601,(anonymous_23)
FN:691,(anonymous_24)
FN:694,(anonymous_25)
FN:716,(anonymous_26)
FN:737,(anonymous_27)
FN:743,(anonymous_28)
FN:754,(anonymous_29)
FN:765,(anonymous_30)
FN:776,(anonymous_31)
FN:783,(anonymous_32)
FN:784,(anonymous_33)
FN:798,(anonymous_34)
FN:799,(anonymous_35)
FN:821,(anonymous_36)
FN:892,(anonymous_37)
FN:895,(anonymous_38)
FN:911,(anonymous_39)
FN:913,(anonymous_40)
FN:929,(anonymous_41)
FN:955,(anonymous_42)
FN:967,(anonymous_43)
FN:969,(anonymous_44)
FN:982,(anonymous_45)
FN:984,(anonymous_46)
FN:1005,(anonymous_47)
FN:1014,(anonymous_48)
FN:1043,(anonymous_49)
FN:1044,(anonymous_50)
FN:1059,(anonymous_51)
FN:1070,(anonymous_52)
FN:1071,(anonymous_53)
FN:1093,(anonymous_54)
FNF:55
FNH:0
FNDA:0,(anonymous_0)
FNDA:0,(anonymous_1)
FNDA:0,(anonymous_2)
FNDA:0,(anonymous_3)
FNDA:0,(anonymous_4)
FNDA:0,(anonymous_5)
FNDA:0,(anonymous_6)
FNDA:0,(anonymous_7)
FNDA:0,(anonymous_8)
FNDA:0,(anonymous_9)
FNDA:0,(anonymous_10)
FNDA:0,(anonymous_11)
FNDA:0,(anonymous_12)
FNDA:0,(anonymous_13)
FNDA:0,(anonymous_14)
FNDA:0,(anonymous_15)
FNDA:0,(anonymous_16)
FNDA:0,(anonymous_17)
FNDA:0,(anonymous_18)
FNDA:0,(anonymous_19)
FNDA:0,(anonymous_20)
FNDA:0,(anonymous_21)
FNDA:0,(anonymous_22)
FNDA:0,(anonymous_23)
FNDA:0,(anonymous_24)
FNDA:0,(anonymous_25)
FNDA:0,(anonymous_26)
FNDA:0,(anonymous_27)
FNDA:0,(anonymous_28)
FNDA:0,(anonymous_29)
FNDA:0,(anonymous_30)
FNDA:0,(anonymous_31)
FNDA:0,(anonymous_32)
FNDA:0,(anonymous_33)
FNDA:0,(anonymous_34)
FNDA:0,(anonymous_35)
FNDA:0,(anonymous_36)
FNDA:0,(anonymous_37)
FNDA:0,(anonymous_38)
FNDA:0,(anonymous_39)
FNDA:0,(anonymous_40)
FNDA:0,(anonymous_41)
FNDA:0,(anonymous_42)
FNDA:0,(anonymous_43)
FNDA:0,(anonymous_44)
FNDA:0,(anonymous_45)
FNDA:0,(anonymous_46)
FNDA:0,(anonymous_47)
FNDA:0,(anonymous_48)
FNDA:0,(anonymous_49)
FNDA:0,(anonymous_50)
FNDA:0,(anonymous_51)
FNDA:0,(anonymous_52)
FNDA:0,(anonymous_53)
FNDA:0,(anonymous_54)
DA:6,0
DA:7,0
DA:53,0
DA:61,0
DA:62,0
DA:63,0
DA:64,0
DA:65,0
DA:66,0
DA:67,0
DA:78,0
DA:79,0
DA:80,0
DA:81,0
DA:82,0
DA:91,0
DA:92,0
DA:93,0
DA:94,0
DA:95,0
DA:96,0
DA:98,0
DA:105,0
DA:120,0
DA:121,0
DA:124,0
DA:126,0
DA:128,0
DA:129,0
DA:130,0
DA:131,0
DA:133,0
DA:134,0
DA:137,0
DA:140,0
DA:141,0
DA:144,0
DA:147,0
DA:148,0
DA:149,0
DA:151,0
DA:153,0
DA:154,0
DA:155,0
DA:156,0
DA:159,0
DA:167,0
DA:168,0
DA:171,0
DA:172,0
DA:173,0
DA:176,0
DA:179,0
DA:182,0
DA:185,0
DA:186,0
DA:188,0
DA:189,0
DA:191,0
DA:192,0
DA:193,0
DA:196,0
DA:204,0
DA:205,0
DA:208,0
DA:209,0
DA:210,0
DA:219,0
DA:220,0
DA:223,0
DA:224,0
DA:225,0
DA:237,0
DA:249,0
DA:250,0
DA:251,0
DA:255,0
DA:262,0
DA:265,0
DA:267,0
DA:269,0
DA:270,0
DA:278,0
DA:279,0
DA:280,0
DA:284,0
DA:287,0
DA:289,0
DA:296,0
DA:297,0
DA:299,0
DA:300,0
DA:301,0
DA:302,0
DA:309,0
DA:310,0
DA:311,0
DA:313,0
DA:314,0
DA:315,0
DA:316,0
DA:319,0
DA:323,0
DA:324,0
DA:332,0
DA:333,0
DA:335,0
DA:336,0
DA:337,0
DA:339,0
DA:346,0
DA:353,0
DA:354,0
DA:361,0
DA:362,0
DA:364,0
DA:365,0
DA:366,0
DA:368,0
DA:369,0
DA:372,0
DA:373,0
DA:379,0
DA:381,0
DA:382,0
DA:390,0
DA:391,0
DA:393,0
DA:394,0
DA:396,0
DA:399,0
DA:400,0
DA:401,0
DA:409,0
DA:419,0
DA:422,0
DA:424,0
DA:426,0
DA:427,0
DA:436,0
DA:438,0
DA:440,0
DA:441,0
DA:444,0
DA:446,0
DA:450,0
DA:457,0
DA:459,0
DA:471,0
DA:474,0
DA:475,0
DA:479,0
DA:482,0
DA:483,0
DA:489,0
DA:493,0
DA:494,0
DA:500,0
DA:503,0
DA:511,0
DA:513,0
DA:514,0
DA:518,0
DA:519,0
DA:520,0
DA:521,0
DA:525,0
DA:526,0
DA:527,0
DA:528,0
DA:530,0
DA:531,0
DA:534,0
DA:538,0
DA:539,0
DA:549,0
DA:565,0
DA:566,0
DA:569,0
DA:573,0
DA:583,0
DA:587,0
DA:588,0
DA:590,0
DA:591,0
DA:602,0
DA:604,0
DA:605,0
DA:609,0
DA:610,0
DA:611,0
DA:612,0
DA:616,0
DA:617,0
DA:618,0
DA:620,0
DA:621,0
DA:624,0
DA:628,0
DA:629,0
DA:639,0
DA:655,0
DA:656,0
DA:659,0
DA:663,0
DA:673,0
DA:677,0
DA:678,0
DA:680,0
DA:681,0
DA:693,0
DA:694,0
DA:697,0
DA:698,0
DA:701,0
DA:705,0
DA:706,0
DA:707,0
DA:710,0
DA:719,0
DA:720,0
DA:723,0
DA:724,0
DA:726,0
DA:731,0
DA:742,0
DA:744,0
DA:755,0
DA:756,0
DA:757,0
DA:759,0
DA:766,0
DA:767,0
DA:768,0
DA:770,0
DA:777,0
DA:784,0
DA:785,0
DA:787,0
DA:788,0
DA:790,0
DA:799,0
DA:800,0
DA:801,0
DA:803,0
DA:804,0
DA:809,0
DA:811,0
DA:815,0
DA:822,0
DA:823,0
DA:824,0
DA:826,0
DA:827,0
DA:831,0
DA:832,0
DA:833,0
DA:836,0
DA:840,0
DA:849,0
DA:850,0
DA:853,0
DA:854,0
DA:857,0
DA:859,0
DA:863,0
DA:874,0
DA:880,0
DA:881,0
DA:883,0
DA:894,0
DA:896,0
DA:898,0
DA:899,0
DA:901,0
DA:912,0
DA:914,0
DA:916,0
DA:917,0
DA:919,0
DA:931,0
DA:932,0
DA:933,0
DA:934,0
DA:936,0
DA:937,0
DA:944,0
DA:945,0
DA:946,0
DA:956,0
DA:957,0
DA:958,0
DA:960,0
DA:961,0
DA:963,0
DA:967,0
DA:970,0
DA:971,0
DA:978,0
DA:981,0
DA:982,0
DA:985,0
DA:990,0
DA:998,0
DA:1006,0
DA:1007,0
DA:1010,0
DA:1012,0
DA:1014,0
DA:1015,0
DA:1018,0
DA:1019,0
DA:1020,0
DA:1021,0
DA:1022,0
DA:1024,0
DA:1029,0
DA:1031,0
DA:1032,0
DA:1034,0
DA:1035,0
DA:1036,0
DA:1044,0
DA:1045,0
DA:1046,0
DA:1047,0
DA:1049,0
DA:1053,0
DA:1060,0
DA:1061,0
DA:1062,0
DA:1063,0
DA:1065,0
DA:1070,0
DA:1072,0
DA:1073,0
DA:1089,0
DA:1092,0
DA:1093,0
DA:1097,0
DA:1106,0
LF:341
LH:0
BRDA:120,0,0,0
BRDA:154,1,0,0
BRDA:154,1,1,0
BRDA:167,2,0,0
BRDA:192,3,0,0
BRDA:192,3,1,0
BRDA:204,4,0,0
BRDA:204,5,0,0
BRDA:204,5,1,0
BRDA:219,6,0,0
BRDA:219,7,0,0
BRDA:219,7,1,0
BRDA:269,8,0,0
BRDA:269,8,1,0
BRDA:273,9,0,0
BRDA:273,9,1,0
BRDA:279,10,0,0
BRDA:301,11,0,0
BRDA:310,12,0,0
BRDA:310,12,1,0
BRDA:313,13,0,0
BRDA:336,14,0,0
BRDA:336,14,1,0
BRDA:337,15,0,0
BRDA:337,15,1,0
BRDA:354,16,0,0
BRDA:354,16,1,0
BRDA:368,17,0,0
BRDA:372,18,0,0
BRDA:441,19,0,0
BRDA:444,20,0,0
BRDA:474,21,0,0
BRDA:513,22,0,0
BRDA:519,23,0,0
BRDA:527,24,0,0
BRDA:527,24,1,0
BRDA:530,25,0,0
BRDA:590,26,0,0
BRDA:604,27,0,0
BRDA:610,28,0,0
BRDA:618,29,0,0
BRDA:618,29,1,0
BRDA:620,30,0,0
BRDA:680,31,0,0
BRDA:697,32,0,0
BRDA:705,33,0,0
BRDA:723,34,0,0
BRDA:744,35,0,0
BRDA:744,35,1,0
BRDA:744,35,2,0
BRDA:744,35,3,0
BRDA:756,36,0,0
BRDA:767,37,0,0
BRDA:785,38,0,0
BRDA:801,39,0,0
BRDA:826,40,0,0
BRDA:826,41,0,0
BRDA:826,41,1,0
BRDA:849,42,0,0
BRDA:880,43,0,0
BRDA:896,44,0,0
BRDA:914,45,0,0
BRDA:933,46,0,0
BRDA:933,46,1,0
BRDA:936,47,0,0
BRDA:944,48,0,0
BRDA:944,48,1,0
BRDA:945,49,0,0
BRDA:945,50,0,0
BRDA:945,50,1,0
BRDA:994,51,0,0
BRDA:994,51,1,0
BRDA:1006,52,0,0
BRDA:1035,53,0,0
BRDA:1035,53,1,0
BRDA:1081,54,0,0
BRDA:1081,54,1,0
BRF:77
BRH:0
end_of_record
TN:
SF:src/services/NotificationService.ts
FN:36,(anonymous_0)
FN:54,(anonymous_1)
FN:87,(anonymous_2)
FN:106,(anonymous_3)
FN:113,(anonymous_4)
FN:145,(anonymous_5)
FN:173,(anonymous_6)
FN:188,(anonymous_7)
FN:211,(anonymous_8)
FN:217,(anonymous_9)
FN:234,(anonymous_10)
FN:263,(anonymous_11)
FN:279,(anonymous_12)
FN:292,(anonymous_13)
FN:323,(anonymous_14)
FN:331,(anonymous_15)
FN:344,(anonymous_16)
FN:357,(anonymous_17)
FN:370,(anonymous_18)
FN:383,(anonymous_19)
FN:396,(anonymous_20)
FN:397,(anonymous_21)
FN:403,(anonymous_22)
FN:441,(anonymous_23)
FN:466,(anonymous_24)
FN:509,(anonymous_25)
FNF:26
FNH:0
FNDA:0,(anonymous_0)
FNDA:0,(anonymous_1)
FNDA:0,(anonymous_2)
FNDA:0,(anonymous_3)
FNDA:0,(anonymous_4)
FNDA:0,(anonymous_5)
FNDA:0,(anonymous_6)
FNDA:0,(anonymous_7)
FNDA:0,(anonymous_8)
FNDA:0,(anonymous_9)
FNDA:0,(anonymous_10)
FNDA:0,(anonymous_11)
FNDA:0,(anonymous_12)
FNDA:0,(anonymous_13)
FNDA:0,(anonymous_14)
FNDA:0,(anonymous_15)
FNDA:0,(anonymous_16)
FNDA:0,(anonymous_17)
FNDA:0,(anonymous_18)
FNDA:0,(anonymous_19)
FNDA:0,(anonymous_20)
FNDA:0,(anonymous_21)
FNDA:0,(anonymous_22)
FNDA:0,(anonymous_23)
FNDA:0,(anonymous_24)
FNDA:0,(anonymous_25)
DA:6,0
DA:7,0
DA:8,0
DA:15,0
DA:30,0
DA:34,0
DA:37,0
DA:40,0
DA:48,0
DA:55,0
DA:57,0
DA:58,0
DA:63,0
DA:64,0
DA:65,0
DA:67,0
DA:68,0
DA:72,0
DA:73,0
DA:79,0
DA:80,0
DA:92,0
DA:100,0
DA:107,0
DA:121,0
DA:122,0
DA:125,0
DA:132,0
DA:150,0
DA:151,0
DA:153,0
DA:155,0
DA:182,0
DA:184,0
DA:186,0
DA:187,0
DA:188,0
DA:189,0
DA:193,0
DA:196,0
DA:199,0
DA:201,0
DA:202,0
DA:203,0
DA:204,0
DA:205,0
DA:206,0
DA:209,0
DA:210,0
DA:211,0
DA:214,0
DA:217,0
DA:218,0
DA:221,0
DA:235,0
DA:238,0
DA:239,0
DA:243,0
DA:244,0
DA:248,0
DA:249,0
DA:253,0
DA:254,0
DA:256,0
DA:264,0
DA:265,0
DA:266,0
DA:267,0
DA:273,0
DA:281,0
DA:293,0
DA:294,0
DA:297,0
DA:299,0
DA:300,0
DA:301,0
DA:305,0
DA:307,0
DA:309,0
DA:310,0
DA:311,0
DA:315,0
DA:324,0
DA:325,0
DA:327,0
DA:329,0
DA:330,0
DA:331,0
DA:332,0
DA:336,0
DA:338,0
DA:345,0
DA:351,0
DA:358,0
DA:364,0
DA:371,0
DA:377,0
DA:384,0
DA:385,0
DA:387,0
DA:388,0
DA:390,0
DA:397,0
DA:410,0
DA:413,0
DA:414,0
DA:416,0
DA:417,0
DA:418,0
DA:419,0
DA:420,0
DA:421,0
DA:422,0
DA:425,0
DA:428,0
DA:442,0
DA:444,0
DA:445,0
DA:447,0
DA:449,0
DA:450,0
DA:452,0
DA:453,0
DA:455,0
DA:456,0
DA:458,0
DA:459,0
DA:472,0
DA:474,0
DA:475,0
DA:476,0
DA:478,0
DA:479,0
DA:481,0
DA:482,0
DA:483,0
DA:484,0
DA:485,0
DA:486,0
DA:489,0
DA:495,0
DA:510,0
DA:511,0
DA:512,0
DA:514,0
DA:518,0
LF:146
LH:0
BRDA:37,0,0,0
BRDA:37,0,1,0
BRDA:57,1,0,0
BRDA:57,2,0,0
BRDA:57,2,1,0
BRDA:89,3,0,0
BRDA:97,4,0,0
BRDA:97,4,1,0
BRDA:119,5,0,0
BRDA:121,6,0,0
BRDA:121,6,1,0
BRDA:122,7,0,0
BRDA:122,7,1,0
BRDA:150,8,0,0
BRDA:150,8,1,0
BRDA:151,9,0,0
BRDA:151,9,1,0
BRDA:158,10,0,0
BRDA:158,10,1,0
BRDA:182,11,0,0
BRDA:182,11,1,0
BRDA:186,12,0,0
BRDA:201,13,0,0
BRDA:201,13,1,0
BRDA:203,14,0,0
BRDA:203,14,1,0
BRDA:205,15,0,0
BRDA:209,16,0,0
BRDA:209,16,1,0
BRDA:218,17,0,0
BRDA:218,17,1,0
BRDA:238,18,0,0
BRDA:243,19,0,0
BRDA:248,20,0,0
BRDA:248,21,0,0
BRDA:248,21,1,0
BRDA:248,21,2,0
BRDA:293,22,0,0
BRDA:293,23,0,0
BRDA:293,23,1,0
BRDA:309,24,0,0
BRDA:329,25,0,0
BRDA:329,26,0,0
BRDA:329,26,1,0
BRDA:384,27,0,0
BRDA:387,28,0,0
BRDA:413,29,0,0
BRDA:413,29,1,0
BRDA:416,30,0,0
BRDA:416,30,1,0
BRDA:418,31,0,0
BRDA:418,31,1,0
BRDA:420,32,0,0
BRDA:422,33,0,0
BRDA:422,33,1,0
BRDA:441,34,0,0
BRDA:442,35,0,0
BRDA:447,36,0,0
BRDA:447,36,1,0
BRDA:447,36,2,0
BRDA:447,36,3,0
BRDA:481,37,0,0
BRDA:481,37,1,0
BRDA:481,38,0,0
BRDA:481,38,1,0
BRDA:484,39,0,0
BRDA:484,40,0,0
BRDA:484,40,1,0
BRDA:510,41,0,0
BRF:69
BRH:0
end_of_record
TN:
SF:src/services/PaperTrader.ts
FN:98,(anonymous_0)
FN:133,(anonymous_1)
FN:157,(anonymous_2)
FN:166,(anonymous_3)
FN:210,(anonymous_4)
FN:248,(anonymous_5)
FN:269,(anonymous_6)
FN:304,(anonymous_7)
FN:316,(anonymous_8)
FN:342,(anonymous_9)
FN:345,(anonymous_10)
FN:360,(anonymous_11)
FN:407,(anonymous_12)
FN:440,(anonymous_13)
FN:545,(anonymous_14)
FN:547,(anonymous_15)
FN:558,(anonymous_16)
FN:569,(anonymous_17)
FN:589,(anonymous_18)
FN:641,(anonymous_19)
FN:680,(anonymous_20)
FN:690,(anonymous_21)
FN:706,(anonymous_22)
FN:723,(anonymous_23)
FN:730,(anonymous_24)
FN:739,(anonymous_25)
FN:742,(anonymous_26)
FN:760,(anonymous_27)
FN:766,(anonymous_28)
FN:783,(anonymous_29)
FN:794,(anonymous_30)
FN:822,(anonymous_31)
FN:838,(anonymous_32)
FN:863,(anonymous_33)
FN:870,(anonymous_34)
FN:877,(anonymous_35)
FN:878,(anonymous_36)
FN:884,(anonymous_37)
FN:900,(anonymous_38)
FN:913,(anonymous_39)
FN:935,(anonymous_40)
FNF:41
FNH:0
FNDA:0,(anonymous_0)
FNDA:0,(anonymous_1)
FNDA:0,(anonymous_2)
FNDA:0,(anonymous_3)
FNDA:0,(anonymous_4)
FNDA:0,(anonymous_5)
FNDA:0,(anonymous_6)
FNDA:0,(anonymous_7)
FNDA:0,(anonymous_8)
FNDA:0,(anonymous_9)
FNDA:0,(anonymous_10)
FNDA:0,(anonymous_11)
FNDA:0,(anonymous_12)
FNDA:0,(anonymous_13)
FNDA:0,(anonymous_14)
FNDA:0,(anonymous_15)
FNDA:0,(anonymous_16)
FNDA:0,(anonymous_17)
FNDA:0,(anonymous_18)
FNDA:0,(anonymous_19)
FNDA:0,(anonymous_20)
FNDA:0,(anonymous_21)
FNDA:0,(anonymous_22)
FNDA:0,(anonymous_23)
FNDA:0,(anonymous_24)
FNDA:0,(anonymous_25)
FNDA:0,(anonymous_26)
FNDA:0,(anonymous_27)
FNDA:0,(anonymous_28)
FNDA:0,(anonymous_29)
FNDA:0,(anonymous_30)
FNDA:0,(anonymous_31)
FNDA:0,(anonymous_32)
FNDA:0,(anonymous_33)
FNDA:0,(anonymous_34)
FNDA:0,(anonymous_35)
FNDA:0,(anonymous_36)
FNDA:0,(anonymous_37)
FNDA:0,(anonymous_38)
FNDA:0,(anonymous_39)
FNDA:0,(anonymous_40)
DA:6,0
DA:7,0
DA:8,0
DA:15,0
DA:30,0
DA:47,0
DA:73,0
DA:83,0
DA:85,0
DA:88,0
DA:107,0
DA:109,0
DA:110,0
DA:111,0
DA:112,0
DA:113,0
DA:114,0
DA:117,0
DA:124,0
DA:127,0
DA:134,0
DA:148,0
DA:158,0
DA:159,0
DA:160,0
DA:167,0
DA:168,0
DA:171,0
DA:172,0
DA:173,0
DA:174,0
DA:175,0
DA:178,0
DA:184,0
DA:187,0
DA:190,0
DA:191,0
DA:194,0
DA:195,0
DA:197,0
DA:198,0
DA:199,0
DA:203,0
DA:211,0
DA:212,0
DA:215,0
DA:216,0
DA:217,0
DA:220,0
DA:223,0
DA:224,0
DA:225,0
DA:229,0
DA:232,0
DA:234,0
DA:235,0
DA:237,0
DA:238,0
DA:249,0
DA:251,0
DA:252,0
DA:254,0
DA:255,0
DA:258,0
DA:259,0
DA:261,0
DA:269,0
DA:279,0
DA:282,0
DA:289,0
DA:291,0
DA:292,0
DA:296,0
DA:305,0
DA:307,0
DA:308,0
DA:310,0
DA:311,0
DA:313,0
DA:317,0
DA:320,0
DA:322,0
DA:327,0
DA:328,0
DA:330,0
DA:331,0
DA:343,0
DA:345,0
DA:346,0
DA:347,0
DA:348,0
DA:350,0
DA:354,0
DA:361,0
DA:363,0
DA:373,0
DA:385,0
DA:388,0
DA:391,0
DA:394,0
DA:397,0
DA:399,0
DA:400,0
DA:413,0
DA:414,0
DA:425,0
DA:426,0
DA:448,0
DA:450,0
DA:452,0
DA:453,0
DA:459,0
DA:463,0
DA:465,0
DA:466,0
DA:467,0
DA:471,0
DA:475,0
DA:478,0
DA:482,0
DA:486,0
DA:491,0
DA:492,0
DA:494,0
DA:508,0
DA:509,0
DA:512,0
DA:515,0
DA:523,0
DA:524,0
DA:534,0
DA:536,0
DA:537,0
DA:538,0
DA:546,0
DA:547,0
DA:550,0
DA:551,0
DA:559,0
DA:561,0
DA:562,0
DA:571,0
DA:577,0
DA:579,0
DA:582,0
DA:590,0
DA:592,0
DA:593,0
DA:594,0
DA:595,0
DA:599,0
DA:600,0
DA:601,0
DA:602,0
DA:605,0
DA:608,0
DA:611,0
DA:614,0
DA:622,0
DA:623,0
DA:633,0
DA:634,0
DA:642,0
DA:644,0
DA:646,0
DA:647,0
DA:649,0
DA:653,0
DA:657,0
DA:661,0
DA:662,0
DA:664,0
DA:668,0
DA:669,0
DA:670,0
DA:674,0
DA:681,0
DA:682,0
DA:683,0
DA:692,0
DA:708,0
DA:710,0
DA:711,0
DA:713,0
DA:714,0
DA:715,0
DA:724,0
DA:733,0
DA:740,0
DA:742,0
DA:743,0
DA:745,0
DA:746,0
DA:748,0
DA:752,0
DA:761,0
DA:766,0
DA:776,0
DA:779,0
DA:780,0
DA:783,0
DA:788,0
DA:795,0
DA:796,0
DA:798,0
DA:800,0
DA:801,0
DA:802,0
DA:804,0
DA:822,0
DA:827,0
DA:831,0
DA:832,0
DA:836,0
DA:837,0
DA:838,0
DA:846,0
DA:857,0
DA:864,0
DA:871,0
DA:878,0
DA:891,0
DA:893,0
DA:900,0
DA:915,0
DA:916,0
DA:918,0
DA:919,0
DA:921,0
DA:922,0
DA:924,0
DA:925,0
DA:926,0
DA:929,0
DA:936,0
DA:937,0
DA:938,0
LF:237
LH:0
BRDA:114,0,0,0
BRDA:114,0,1,0
BRDA:167,1,0,0
BRDA:190,2,0,0
BRDA:211,3,0,0
BRDA:223,4,0,0
BRDA:286,5,0,0
BRDA:286,5,1,0
BRDA:317,6,0,0
BRDA:320,7,0,0
BRDA:419,8,0,0
BRDA:419,8,1,0
BRDA:419,8,2,0
BRDA:431,9,0,0
BRDA:431,9,1,0
BRDA:431,9,2,0
BRDA:452,10,0,0
BRDA:452,11,0,0
BRDA:452,11,1,0
BRDA:452,11,2,0
BRDA:452,11,3,0
BRDA:465,12,0,0
BRDA:465,12,1,0
BRDA:467,13,0,0
BRDA:468,14,0,0
BRDA:468,14,1,0
BRDA:473,15,0,0
BRDA:473,15,1,0
BRDA:478,16,0,0
BRDA:479,17,0,0
BRDA:479,17,1,0
BRDA:484,18,0,0
BRDA:484,18,1,0
BRDA:505,19,0,0
BRDA:505,19,1,0
BRDA:523,20,0,0
BRDA:547,21,0,0
BRDA:547,21,1,0
BRDA:561,22,0,0
BRDA:571,23,0,0
BRDA:577,24,0,0
BRDA:577,24,1,0
BRDA:593,25,0,0
BRDA:595,26,0,0
BRDA:595,26,1,0
BRDA:622,27,0,0
BRDA:644,28,0,0
BRDA:644,28,1,0
BRDA:650,29,0,0
BRDA:650,29,1,0
BRDA:654,30,0,0
BRDA:654,30,1,0
BRDA:658,31,0,0
BRDA:658,31,1,0
BRDA:665,32,0,0
BRDA:665,32,1,0
BRDA:682,33,0,0
BRDA:710,34,0,0
BRDA:710,34,1,0
BRDA:714,35,0,0
BRDA:733,36,0,0
BRDA:733,36,1,0
BRDA:743,37,0,0
BRDA:779,38,0,0
BRDA:814,39,0,0
BRDA:814,39,1,0
BRDA:815,40,0,0
BRDA:815,40,1,0
BRDA:817,41,0,0
BRDA:817,41,1,0
BRDA:818,42,0,0
BRDA:818,42,1,0
BRDA:822,43,0,0
BRDA:822,43,1,0
BRDA:836,44,0,0
BRDA:891,45,0,0
BRDA:891,45,1,0
BRDA:898,46,0,0
BRDA:898,46,1,0
BRDA:915,47,0,0
BRDA:918,48,0,0
BRDA:921,49,0,0
BRDA:924,50,0,0
BRDA:926,51,0,0
BRDA:926,51,1,0
BRDA:926,52,0,0
BRDA:926,52,1,0
BRF:87
BRH:0
end_of_record
TN:
SF:src/services/ReportService.ts
FN:81,(anonymous_0)
FN:89,(anonymous_1)
FN:137,(anonymous_2)
FN:154,(anonymous_3)
FN:190,(anonymous_4)
FN:206,(anonymous_5)
FN:228,(anonymous_6)
FN:250,(anonymous_7)
FN:270,(anonymous_8)
FN:322,(anonymous_9)
FN:371,(anonymous_10)
FN:371,(anonymous_11)
FN:380,(anonymous_12)
FN:400,(anonymous_13)
FN:418,(anonymous_14)
FN:418,(anonymous_15)
FN:427,(anonymous_16)
FN:435,(anonymous_17)
FN:436,(anonymous_18)
FN:453,(anonymous_19)
FN:462,(anonymous_20)
FN:468,(anonymous_21)
FN:468,(anonymous_22)
FN:477,(anonymous_23)
FN:509,(anonymous_24)
FN:536,(anonymous_25)
FN:536,(anonymous_26)
FN:545,(anonymous_27)
FN:549,(anonymous_28)
FN:672,(anonymous_29)
FN:713,(anonymous_30)
FN:729,(anonymous_31)
FN:740,(anonymous_32)
FN:747,(anonymous_33)
FN:748,(anonymous_34)
FN:761,(anonymous_35)
FN:762,(anonymous_36)
FNF:37
FNH:0
FNDA:0,(anonymous_0)
FNDA:0,(anonymous_1)
FNDA:0,(anonymous_2)
FNDA:0,(anonymous_3)
FNDA:0,(anonymous_4)
FNDA:0,(anonymous_5)
FNDA:0,(anonymous_6)
FNDA:0,(anonymous_7)
FNDA:0,(anonymous_8)
FNDA:0,(anonymous_9)
FNDA:0,(anonymous_10)
FNDA:0,(anonymous_11)
FNDA:0,(anonymous_12)
FNDA:0,(anonymous_13)
FNDA:0,(anonymous_14)
FNDA:0,(anonymous_15)
FNDA:0,(anonymous_16)
FNDA:0,(anonymous_17)
FNDA:0,(anonymous_18)
FNDA:0,(anonymous_19)
FNDA:0,(anonymous_20)
FNDA:0,(anonymous_21)
FNDA:0,(anonymous_22)
FNDA:0,(anonymous_23)
FNDA:0,(anonymous_24)
FNDA:0,(anonymous_25)
FNDA:0,(anonymous_26)
FNDA:0,(anonymous_27)
FNDA:0,(anonymous_28)
FNDA:0,(anonymous_29)
FNDA:0,(anonymous_30)
FNDA:0,(anonymous_31)
FNDA:0,(anonymous_32)
FNDA:0,(anonymous_33)
FNDA:0,(anonymous_34)
FNDA:0,(anonymous_35)
FNDA:0,(anonymous_36)
DA:6,0
DA:7,0
DA:8,0
DA:10,0
DA:25,0
DA:47,0
DA:77,0
DA:82,0
DA:83,0
DA:93,0
DA:94,0
DA:104,0
DA:105,0
DA:107,0
DA:108,0
DA:112,0
DA:114,0
DA:115,0
DA:117,0
DA:118,0
DA:120,0
DA:121,0
DA:123,0
DA:126,0
DA:127,0
DA:129,0
DA:130,0
DA:142,0
DA:145,0
DA:147,0
DA:148,0
DA:159,0
DA:160,0
DA:163,0
DA:164,0
DA:167,0
DA:168,0
DA:169,0
DA:173,0
DA:174,0
DA:175,0
DA:179,0
DA:180,0
DA:181,0
DA:184,0
DA:195,0
DA:197,0
DA:198,0
DA:200,0
DA:207,0
DA:209,0
DA:211,0
DA:212,0
DA:214,0
DA:215,0
DA:217,0
DA:218,0
DA:220,0
DA:221,0
DA:229,0
DA:231,0
DA:233,0
DA:234,0
DA:236,0
DA:237,0
DA:238,0
DA:240,0
DA:242,0
DA:243,0
DA:251,0
DA:252,0
DA:253,0
DA:255,0
DA:256,0
DA:257,0
DA:259,0
DA:260,0
DA:262,0
DA:263,0
DA:271,0
DA:304,0
DA:305,0
DA:308,0
DA:309,0
DA:312,0
DA:313,0
DA:316,0
DA:323,0
DA:325,0
DA:370,0
DA:371,0
DA:374,0
DA:381,0
DA:383,0
DA:400,0
DA:417,0
DA:418,0
DA:421,0
DA:431,0
DA:434,0
DA:435,0
DA:436,0
DA:437,0
DA:441,0
DA:453,0
DA:463,0
DA:467,0
DA:468,0
DA:471,0
DA:481,0
DA:483,0
DA:509,0
DA:535,0
DA:536,0
DA:539,0
DA:546,0
DA:547,0
DA:548,0
DA:550,0
DA:554,0
DA:672,0
DA:713,0
DA:730,0
DA:731,0
DA:733,0
DA:741,0
DA:742,0
DA:744,0
DA:745,0
DA:746,0
DA:747,0
DA:749,0
DA:752,0
DA:753,0
DA:759,0
DA:761,0
DA:762,0
DA:764,0
DA:766,0
DA:769,0
DA:770,0
LF:141
LH:0
BRDA:83,0,0,0
BRDA:83,0,1,0
BRDA:91,1,0,0
BRDA:112,2,0,0
BRDA:112,2,1,0
BRDA:112,2,2,0
BRDA:112,2,3,0
BRDA:167,3,0,0
BRDA:167,4,0,0
BRDA:167,4,1,0
BRDA:173,5,0,0
BRDA:173,6,0,0
BRDA:173,6,1,0
BRDA:179,7,0,0
BRDA:179,8,0,0
BRDA:179,8,1,0
BRDA:255,9,0,0
BRDA:255,9,1,0
BRDA:304,10,0,0
BRDA:308,11,0,0
BRDA:312,12,0,0
BRDA:332,13,0,0
BRDA:332,13,1,0
BRDA:337,14,0,0
BRDA:337,14,1,0
BRDA:342,15,0,0
BRDA:342,15,1,0
BRDA:349,16,0,0
BRDA:349,16,1,0
BRDA:361,17,0,0
BRDA:361,17,1,0
BRDA:366,18,0,0
BRDA:366,18,1,0
BRDA:381,19,0,0
BRDA:411,20,0,0
BRDA:411,20,1,0
BRDA:431,21,0,0
BRDA:463,22,0,0
BRDA:463,22,1,0
BRDA:481,23,0,0
BRDA:526,24,0,0
BRDA:526,24,1,0
BRDA:548,25,0,0
BRDA:548,25,1,0
BRDA:550,26,0,0
BRDA:550,26,1,0
BRDA:594,27,0,0
BRDA:594,27,1,0
BRDA:600,28,0,0
BRDA:600,28,1,0
BRDA:652,29,0,0
BRDA:652,29,1,0
BRDA:652,30,0,0
BRDA:652,30,1,0
BRDA:677,31,0,0
BRDA:677,31,1,0
BRDA:678,32,0,0
BRDA:678,32,1,0
BRDA:681,33,0,0
BRDA:681,33,1,0
BRDA:708,34,0,0
BRDA:708,34,1,0
BRDA:752,35,0,0
BRDA:752,36,0,0
BRDA:752,36,1,0
BRDA:752,36,2,0
BRF:66
BRH:0
end_of_record
TN:
SF:src/services/StrategyEngine.ts
FN:137,(anonymous_0)
FN:146,(anonymous_1)
FN:153,(anonymous_2)
FN:181,(anonymous_3)
FN:232,(anonymous_4)
FN:251,(anonymous_5)
FN:283,(anonymous_6)
FN:292,(anonymous_7)
FN:362,(anonymous_8)
FN:386,(anonymous_9)
FN:429,(anonymous_10)
FN:445,(anonymous_11)
FN:490,(anonymous_12)
FN:521,(anonymous_13)
FN:530,(anonymous_14)
FN:540,(anonymous_15)
FN:570,(anonymous_16)
FN:606,(anonymous_17)
FN:626,(anonymous_18)
FN:633,(anonymous_19)
FN:640,(anonymous_20)
FN:647,(anonymous_21)
FN:656,(anonymous_22)
FNF:23
FNH:0
FNDA:0,(anonymous_0)
FNDA:0,(anonymous_1)
FNDA:0,(anonymous_2)
FNDA:0,(anonymous_3)
FNDA:0,(anonymous_4)
FNDA:0,(anonymous_5)
FNDA:0,(anonymous_6)
FNDA:0,(anonymous_7)
FNDA:0,(anonymous_8)
FNDA:0,(anonymous_9)
FNDA:0,(anonymous_10)
FNDA:0,(anonymous_11)
FNDA:0,(anonymous_12)
FNDA:0,(anonymous_13)
FNDA:0,(anonymous_14)
FNDA:0,(anonymous_15)
FNDA:0,(anonymous_16)
FNDA:0,(anonymous_17)
FNDA:0,(anonymous_18)
FNDA:0,(anonymous_19)
FNDA:0,(anonymous_20)
FNDA:0,(anonymous_21)
FNDA:0,(anonymous_22)
DA:2,0
DA:3,0
DA:4,0
DA:105,0
DA:130,0
DA:133,0
DA:135,0
DA:138,0
DA:139,0
DA:142,0
DA:144,0
DA:146,0
DA:154,0
DA:155,0
DA:159,0
DA:163,0
DA:169,0
DA:173,0
DA:174,0
DA:176,0
DA:177,0
DA:181,0
DA:182,0
DA:183,0
DA:187,0
DA:200,0
DA:203,0
DA:214,0
DA:216,0
DA:224,0
DA:225,0
DA:236,0
DA:237,0
DA:238,0
DA:241,0
DA:242,0
DA:244,0
DA:245,0
DA:248,0
DA:249,0
DA:251,0
DA:252,0
DA:253,0
DA:255,0
DA:256,0
DA:260,0
DA:261,0
DA:264,0
DA:265,0
DA:269,0
DA:272,0
DA:275,0
DA:276,0
DA:284,0
DA:285,0
DA:286,0
DA:287,0
DA:290,0
DA:291,0
DA:292,0
DA:294,0
DA:295,0
DA:296,0
DA:300,0
DA:301,0
DA:302,0
DA:306,0
DA:310,0
DA:311,0
DA:313,0
DA:314,0
DA:317,0
DA:318,0
DA:322,0
DA:325,0
DA:327,0
DA:328,0
DA:330,0
DA:333,0
DA:342,0
DA:345,0
DA:346,0
DA:347,0
DA:349,0
DA:355,0
DA:363,0
DA:364,0
DA:366,0
DA:367,0
DA:369,0
DA:371,0
DA:372,0
DA:380,0
DA:391,0
DA:392,0
DA:393,0
DA:394,0
DA:397,0
DA:399,0
DA:402,0
DA:403,0
DA:410,0
DA:411,0
DA:412,0
DA:413,0
DA:416,0
DA:422,0
DA:430,0
DA:431,0
DA:432,0
DA:436,0
DA:437,0
DA:440,0
DA:441,0
DA:442,0
DA:445,0
DA:446,0
DA:448,0
DA:449,0
DA:451,0
DA:463,0
DA:464,0
DA:466,0
DA:479,0
DA:484,0
DA:495,0
DA:496,0
DA:498,0
DA:501,0
DA:502,0
DA:505,0
DA:507,0
DA:511,0
DA:512,0
DA:515,0
DA:524,0
DA:537,0
DA:538,0
DA:540,0
DA:541,0
DA:542,0
DA:543,0
DA:546,0
DA:547,0
DA:548,0
DA:549,0
DA:552,0
DA:559,0
DA:576,0
DA:577,0
DA:579,0
DA:581,0
DA:582,0
DA:583,0
DA:584,0
DA:588,0
DA:591,0
DA:592,0
DA:594,0
DA:595,0
DA:598,0
DA:599,0
DA:602,0
DA:603,0
DA:606,0
DA:607,0
DA:608,0
DA:609,0
DA:610,0
DA:611,0
DA:614,0
DA:627,0
DA:634,0
DA:641,0
DA:648,0
DA:649,0
DA:650,0
DA:657,0
LF:178
LH:0
BRDA:142,0,0,0
BRDA:142,0,1,0
BRDA:159,1,0,0
BRDA:176,2,0,0
BRDA:182,3,0,0
BRDA:197,4,0,0
BRDA:197,4,1,0
BRDA:237,5,0,0
BRDA:237,5,1,0
BRDA:244,6,0,0
BRDA:255,7,0,0
BRDA:264,8,0,0
BRDA:285,9,0,0
BRDA:294,10,0,0
BRDA:300,11,0,0
BRDA:300,11,1,0
BRDA:301,12,0,0
BRDA:317,13,0,0
BRDA:325,14,0,0
BRDA:325,14,1,0
BRDA:328,15,0,0
BRDA:334,16,0,0
BRDA:334,16,1,0
BRDA:364,17,0,0
BRDA:371,18,0,0
BRDA:392,19,0,0
BRDA:411,20,0,0
BRDA:431,21,0,0
BRDA:436,22,0,0
BRDA:446,23,0,0
BRDA:448,24,0,0
BRDA:448,25,0,0
BRDA:448,25,1,0
BRDA:463,26,0,0
BRDA:463,27,0,0
BRDA:463,27,1,0
BRDA:463,27,2,0
BRDA:496,28,0,0
BRDA:505,29,0,0
BRDA:511,30,0,0
BRDA:511,31,0,0
BRDA:511,31,1,0
BRDA:538,32,0,0
BRDA:541,33,0,0
BRDA:579,34,0,0
BRDA:579,35,0,0
BRDA:579,35,1,0
BRDA:582,36,0,0
BRDA:594,37,0,0
BRDA:607,38,0,0
BRF:50
BRH:0
end_of_record
TN:
SF:src/types/backtest.ts
FN:38,(anonymous_0)
FNF:1
FNH:0
FNDA:0,(anonymous_0)
DA:5,0
DA:10,0
DA:38,0
DA:286,0
DA:306,0
LF:5
LH:0
BRF:0
BRH:0
end_of_record
TN:
SF:src/types/binance.ts
FNF:0
FNH:0
DA:5,0
DA:65,0
LF:2
LH:0
BRF:0
BRH:0
end_of_record
TN:
SF:src/utils/binanceErrors.ts
FN:79,(anonymous_0)
FN:90,(anonymous_1)
FN:100,(anonymous_2)
FN:114,(anonymous_3)
FN:121,(anonymous_4)
FN:128,(anonymous_5)
FN:143,(anonymous_6)
FN:166,(anonymous_7)
FN:177,(anonymous_8)
FN:190,(anonymous_9)
FN:204,(anonymous_10)
FNF:11
FNH:0
FNDA:0,(anonymous_0)
FNDA:0,(anonymous_1)
FNDA:0,(anonymous_2)
FNDA:0,(anonymous_3)
FNDA:0,(anonymous_4)
FNDA:0,(anonymous_5)
FNDA:0,(anonymous_6)
FNDA:0,(anonymous_7)
FNDA:0,(anonymous_8)
FNDA:0,(anonymous_9)
FNDA:0,(anonymous_10)
DA:5,0
DA:11,0
DA:74,0
DA:80,0
DA:81,0
DA:82,0
DA:83,0
DA:84,0
DA:91,0
DA:92,0
DA:94,0
DA:101,0
DA:108,0
DA:115,0
DA:122,0
DA:129,0
DA:137,0
DA:144,0
DA:156,0
DA:163,0
DA:167,0
DA:168,0
DA:169,0
DA:176,0
DA:178,0
DA:179,0
DA:186,0
DA:191,0
DA:192,0
DA:193,0
DA:194,0
DA:201,0
DA:211,0
DA:212,0
DA:213,0
LF:35
LH:0
BRDA:91,0,0,0
BRDA:91,0,1,0
BRF:2
BRH:0
end_of_record
TN:
SF:src/utils/errors.ts
FN:5,(anonymous_0)
FN:25,(anonymous_1)
FN:40,(anonymous_2)
FN:56,(anonymous_3)
FN:72,(anonymous_4)
FN:86,(anonymous_5)
FN:101,(anonymous_6)
FN:122,(anonymous_7)
FN:131,(anonymous_8)
FN:140,(anonymous_9)
FN:149,(anonymous_10)
FN:158,(anonymous_11)
FNF:12
FNH:0
FNDA:0,(anonymous_0)
FNDA:0,(anonymous_1)
FNDA:0,(anonymous_2)
FNDA:0,(anonymous_3)
FNDA:0,(anonymous_4)
FNDA:0,(anonymous_5)
FNDA:0,(anonymous_6)
FNDA:0,(anonymous_7)
FNDA:0,(anonymous_8)
FNDA:0,(anonymous_9)
FNDA:0,(anonymous_10)
FNDA:0,(anonymous_11)
DA:1,0
DA:6,0
DA:7,0
DA:8,0
DA:9,0
DA:12,0
DA:15,0
DA:16,0
DA:24,0
DA:28,0
DA:31,0
DA:32,0
DA:39,0
DA:42,0
DA:43,0
DA:44,0
DA:47,0
DA:48,0
DA:55,0
DA:58,0
DA:59,0
DA:60,0
DA:63,0
DA:64,0
DA:71,0
DA:74,0
DA:77,0
DA:78,0
DA:85,0
DA:88,0
DA:89,0
DA:92,0
DA:93,0
DA:100,0
DA:103,0
DA:104,0
DA:105,0
DA:108,0
DA:109,0
DA:116,0
DA:123,0
DA:132,0
DA:141,0
DA:150,0
DA:159,0
DA:160,0
DA:163,0
DA:164,0
DA:167,0
DA:168,0
DA:169,0
DA:171,0
DA:172,0
DA:173,0
DA:175,0
DA:176,0
DA:178,0
DA:179,0
DA:181,0
DA:182,0
DA:183,0
DA:185,0
DA:186,0
DA:188,0
DA:189,0
DA:193,0
DA:194,0
DA:197,0
LF:68
LH:0
BRDA:15,0,0,0
BRDA:163,1,0,0
BRDA:163,2,0,0
BRDA:163,2,1,0
BRDA:167,3,0,0
BRDA:167,3,1,0
BRDA:168,4,0,0
BRDA:171,5,0,0
BRDA:171,5,1,0
BRDA:172,6,0,0
BRDA:175,7,0,0
BRDA:178,8,0,0
BRDA:181,9,0,0
BRDA:182,10,0,0
BRDA:185,11,0,0
BRDA:188,12,0,0
BRDA:193,13,0,0
BRF:17
BRH:0
end_of_record
TN:
SF:src/utils/indicators.ts
FN:30,(anonymous_0)
FN:43,validateOHLCVArray
FN:48,(anonymous_2)
FN:72,calculateTR
FN:94,calculateATR
FN:118,(anonymous_5)
FN:139,calculateEMA
FN:150,(anonymous_7)
FN:173,calculateSMA
FN:180,(anonymous_9)
FN:181,(anonymous_10)
FN:190,calculateDailyBarDiffAverage
FN:201,(anonymous_12)
FN:204,(anonymous_13)
FN:216,calculateVolatileBarRatio
FN:229,(anonymous_15)
FN:247,isPriceWithinEmaThreshold
FN:267,calculateBollingerBands
FN:279,(anonymous_18)
FN:282,(anonymous_19)
FN:301,calculateRSI
FN:327,(anonymous_21)
FN:328,(anonymous_22)
FN:344,calculateVolatility
FN:368,(anonymous_24)
FN:369,(anonymous_25)
FN:381,createMockOHLCVFromPrices
FN:382,(anonymous_27)
FN:419,convertToOHLCV
FN:420,(anonymous_29)
FNF:30
FNH:30
FNDA:32303,(anonymous_0)
FNDA:42,validateOHLCVArray
FNDA:32302,(anonymous_2)
FNDA:10319,calculateTR
FNDA:7,calculateATR
FNDA:70,(anonymous_5)
FNDA:9,calculateEMA
FNDA:158,(anonymous_7)
FNDA:10,calculateSMA
FNDA:149,(anonymous_9)
FNDA:149,(anonymous_10)
FNDA:3,calculateDailyBarDiffAverage
FNDA:22,(anonymous_12)
FNDA:22,(anonymous_13)
FNDA:3,calculateVolatileBarRatio
FNDA:24,(anonymous_15)
FNDA:4,isPriceWithinEmaThreshold
FNDA:2,calculateBollingerBands
FNDA:30,(anonymous_18)
FNDA:30,(anonymous_19)
FNDA:2,calculateRSI
FNDA:28,(anonymous_21)
FNDA:28,(anonymous_22)
FNDA:2,calculateVolatility
FNDA:30,(anonymous_24)
FNDA:30,(anonymous_25)
FNDA:42,createMockOHLCVFromPrices
FNDA:14005,(anonymous_27)
FNDA:1,convertToOHLCV
FNDA:100,(anonymous_29)
DA:6,1
DA:23,1
DA:31,32303
DA:43,1
DA:44,42
DA:45,1
DA:48,41
DA:49,32302
DA:50,32302
DA:52,1
DA:57,40
DA:58,32261
DA:59,32261
DA:60,32261
DA:61,1
DA:72,1
DA:73,10319
DA:74,6
DA:81,10313
DA:82,10313
DA:83,10313
DA:85,10313
DA:94,1
DA:95,7
DA:97,7
DA:98,2
DA:102,5
DA:104,5
DA:105,10315
DA:106,10315
DA:107,10315
DA:108,0
DA:110,10315
DA:111,0
DA:113,10315
DA:114,10315
DA:118,70
DA:121,5
DA:122,10245
DA:123,10245
DA:124,0
DA:126,10245
DA:129,5
DA:139,1
DA:140,9
DA:142,9
DA:143,1
DA:147,8
DA:150,158
DA:153,8
DA:155,8
DA:156,10542
DA:157,10542
DA:158,0
DA:160,10542
DA:163,8
DA:173,1
DA:174,10
DA:176,10
DA:177,0
DA:180,149
DA:181,149
DA:190,1
DA:191,3
DA:193,3
DA:194,1
DA:198,2
DA:201,22
DA:204,22
DA:206,2
DA:216,1
DA:217,3
DA:219,3
DA:220,0
DA:224,3
DA:227,3
DA:229,3
DA:230,24
DA:231,24
DA:232,2
DA:237,3
DA:247,1
DA:248,4
DA:249,1
DA:252,3
DA:253,1
DA:256,2
DA:257,2
DA:267,1
DA:272,2
DA:274,2
DA:275,0
DA:278,2
DA:279,30
DA:282,2
DA:283,30
DA:286,2
DA:288,2
DA:301,1
DA:302,2
DA:304,2
DA:305,0
DA:308,2
DA:309,2
DA:312,2
DA:313,118
DA:314,118
DA:315,118
DA:316,0
DA:318,118
DA:319,118
DA:320,118
DA:324,2
DA:325,2
DA:327,28
DA:328,28
DA:330,2
DA:331,1
DA:334,1
DA:335,1
DA:344,1
DA:345,2
DA:347,2
DA:348,0
DA:351,2
DA:354,2
DA:355,30
DA:356,30
DA:358,30
DA:359,0
DA:362,30
DA:363,30
DA:364,30
DA:368,30
DA:369,30
DA:371,2
DA:381,1
DA:382,42
DA:384,14005
DA:385,14005
DA:386,14005
DA:387,14005
DA:390,14005
DA:391,14005
DA:393,14005
DA:419,1
DA:420,100
LF:147
LH:136
BRDA:31,0,0,32303
BRDA:31,0,1,32302
BRDA:31,0,2,32302
BRDA:31,0,3,32302
BRDA:31,0,4,32302
BRDA:44,1,0,1
BRDA:44,2,0,42
BRDA:44,2,1,42
BRDA:52,3,0,1
BRDA:52,3,1,0
BRDA:60,4,0,1
BRDA:60,5,0,32261
BRDA:60,5,1,32261
BRDA:60,5,2,32261
BRDA:73,6,0,6
BRDA:94,7,0,1
BRDA:97,8,0,2
BRDA:106,9,0,10310
BRDA:106,9,1,5
BRDA:107,10,0,0
BRDA:110,11,0,0
BRDA:123,12,0,0
BRDA:139,13,0,5
BRDA:142,14,0,1
BRDA:157,15,0,0
BRDA:173,16,0,8
BRDA:176,17,0,0
BRDA:193,18,0,1
BRDA:219,19,0,0
BRDA:231,20,0,2
BRDA:248,21,0,1
BRDA:248,22,0,4
BRDA:248,22,1,3
BRDA:252,23,0,1
BRDA:252,24,0,3
BRDA:252,24,1,3
BRDA:269,25,0,1
BRDA:270,26,0,1
BRDA:274,27,0,0
BRDA:301,28,0,1
BRDA:304,29,0,0
BRDA:315,30,0,0
BRDA:315,31,0,118
BRDA:315,31,1,118
BRDA:319,32,0,73
BRDA:319,32,1,45
BRDA:320,33,0,45
BRDA:320,33,1,73
BRDA:330,34,0,1
BRDA:347,35,0,0
BRDA:358,36,0,0
BRDA:358,37,0,30
BRDA:358,37,1,30
BRDA:381,38,0,2
BRDA:381,39,0,2
BRF:55
BRH:43
end_of_record
TN:
SF:src/utils/logger.ts
FN:12,(anonymous_0)
FN:21,(anonymous_1)
FN:33,(anonymous_2)
FN:43,(anonymous_3)
FN:93,(anonymous_4)
FN:102,(anonymous_5)
FN:111,(anonymous_6)
FN:120,(anonymous_7)
FN:128,(anonymous_8)
FNF:9
FNH:0
FNDA:0,(anonymous_0)
FNDA:0,(anonymous_1)
FNDA:0,(anonymous_2)
FNDA:0,(anonymous_3)
FNDA:0,(anonymous_4)
FNDA:0,(anonymous_5)
FNDA:0,(anonymous_6)
FNDA:0,(anonymous_7)
FNDA:0,(anonymous_8)
DA:1,0
DA:8,0
DA:13,0
DA:22,0
DA:23,0
DA:25,0
DA:34,0
DA:37,0
DA:38,0
DA:44,0
DA:45,0
DA:53,0
DA:54,0
DA:67,0
DA:94,0
DA:103,0
DA:112,0
DA:121,0
DA:129,0
DA:136,0
LF:20
LH:0
BRDA:22,0,0,0
BRDA:37,1,0,0
BRDA:37,2,0,0
BRDA:37,2,1,0
BRDA:44,3,0,0
BRDA:44,3,1,0
BRDA:53,4,0,0
BRDA:68,5,0,0
BRDA:68,5,1,0
BRDA:73,6,0,0
BRDA:73,6,1,0
BRDA:80,7,0,0
BRDA:80,7,1,0
BRF:13
BRH:0
end_of_record
TN:
SF:src/utils/performance.ts
FN:30,(anonymous_0)
FN:37,(anonymous_1)
FN:42,(anonymous_2)
FN:48,(anonymous_3)
FN:49,(anonymous_4)
FN:52,(anonymous_5)
FN:53,(anonymous_6)
FN:55,(anonymous_7)
FN:56,(anonymous_8)
FN:58,(anonymous_9)
FN:59,(anonymous_10)
FN:61,(anonymous_11)
FN:62,(anonymous_12)
FN:113,(anonymous_13)
FN:179,(anonymous_14)
FN:191,(anonymous_15)
FN:192,(anonymous_16)
FN:195,(anonymous_17)
FN:197,(anonymous_18)
FN:199,(anonymous_19)
FN:200,(anonymous_20)
FN:201,(anonymous_21)
FN:225,(anonymous_22)
FN:277,(anonymous_23)
FN:296,(anonymous_24)
FN:312,(anonymous_25)
FN:315,(anonymous_26)
FN:317,(anonymous_27)
FN:325,(anonymous_28)
FN:328,(anonymous_29)
FN:342,(anonymous_30)
FN:345,(anonymous_31)
FN:346,(anonymous_32)
FN:361,(anonymous_33)
FN:388,(anonymous_34)
FN:419,(anonymous_35)
FN:454,(anonymous_36)
FN:457,(anonymous_37)
FN:466,(anonymous_38)
FN:470,(anonymous_39)
FN:473,(anonymous_40)
FN:480,(anonymous_41)
FN:488,(anonymous_42)
FN:488,(anonymous_43)
FN:490,(anonymous_44)
FN:491,(anonymous_45)
FN:491,(anonymous_46)
FN:495,(anonymous_47)
FN:497,(anonymous_48)
FN:506,(anonymous_49)
FN:513,(anonymous_50)
FN:535,(anonymous_51)
FN:536,(anonymous_52)
FN:538,(anonymous_53)
FN:538,(anonymous_54)
FN:539,(anonymous_55)
FN:539,(anonymous_56)
FN:549,(anonymous_57)
FNF:58
FNH:0
FNDA:0,(anonymous_0)
FNDA:0,(anonymous_1)
FNDA:0,(anonymous_2)
FNDA:0,(anonymous_3)
FNDA:0,(anonymous_4)
FNDA:0,(anonymous_5)
FNDA:0,(anonymous_6)
FNDA:0,(anonymous_7)
FNDA:0,(anonymous_8)
FNDA:0,(anonymous_9)
FNDA:0,(anonymous_10)
FNDA:0,(anonymous_11)
FNDA:0,(anonymous_12)
FNDA:0,(anonymous_13)
FNDA:0,(anonymous_14)
FNDA:0,(anonymous_15)
FNDA:0,(anonymous_16)
FNDA:0,(anonymous_17)
FNDA:0,(anonymous_18)
FNDA:0,(anonymous_19)
FNDA:0,(anonymous_20)
FNDA:0,(anonymous_21)
FNDA:0,(anonymous_22)
FNDA:0,(anonymous_23)
FNDA:0,(anonymous_24)
FNDA:0,(anonymous_25)
FNDA:0,(anonymous_26)
FNDA:0,(anonymous_27)
FNDA:0,(anonymous_28)
FNDA:0,(anonymous_29)
FNDA:0,(anonymous_30)
FNDA:0,(anonymous_31)
FNDA:0,(anonymous_32)
FNDA:0,(anonymous_33)
FNDA:0,(anonymous_34)
FNDA:0,(anonymous_35)
FNDA:0,(anonymous_36)
FNDA:0,(anonymous_37)
FNDA:0,(anonymous_38)
FNDA:0,(anonymous_39)
FNDA:0,(anonymous_40)
FNDA:0,(anonymous_41)
FNDA:0,(anonymous_42)
FNDA:0,(anonymous_43)
FNDA:0,(anonymous_44)
FNDA:0,(anonymous_45)
FNDA:0,(anonymous_46)
FNDA:0,(anonymous_47)
FNDA:0,(anonymous_48)
FNDA:0,(anonymous_49)
FNDA:0,(anonymous_50)
FNDA:0,(anonymous_51)
FNDA:0,(anonymous_52)
FNDA:0,(anonymous_53)
FNDA:0,(anonymous_54)
FNDA:0,(anonymous_55)
FNDA:0,(anonymous_56)
FNDA:0,(anonymous_57)
DA:17,0
DA:27,0
DA:31,0
DA:42,0
DA:44,0
DA:45,0
DA:48,0
DA:49,0
DA:51,0
DA:52,0
DA:53,0
DA:55,0
DA:56,0
DA:58,0
DA:59,0
DA:60,0
DA:61,0
DA:62,0
DA:65,0
DA:66,0
DA:67,0
DA:68,0
DA:69,0
DA:73,0
DA:76,0
DA:77,0
DA:80,0
DA:81,0
DA:83,0
DA:130,0
DA:131,0
DA:134,0
DA:135,0
DA:136,0
DA:139,0
DA:140,0
DA:142,0
DA:145,0
DA:150,0
DA:153,0
DA:154,0
DA:155,0
DA:156,0
DA:158,0
DA:162,0
DA:191,0
DA:192,0
DA:194,0
DA:195,0
DA:197,0
DA:199,0
DA:200,0
DA:201,0
DA:202,0
DA:204,0
DA:206,0
DA:208,0
DA:230,0
DA:231,0
DA:232,0
DA:233,0
DA:234,0
DA:235,0
DA:237,0
DA:238,0
DA:239,0
DA:240,0
DA:242,0
DA:243,0
DA:244,0
DA:247,0
DA:248,0
DA:250,0
DA:251,0
DA:252,0
DA:255,0
DA:256,0
DA:258,0
DA:263,0
DA:264,0
DA:267,0
DA:278,0
DA:280,0
DA:281,0
DA:282,0
DA:284,0
DA:285,0
DA:286,0
DA:290,0
DA:297,0
DA:299,0
DA:300,0
DA:301,0
DA:302,0
DA:306,0
DA:313,0
DA:315,0
DA:317,0
DA:319,0
DA:326,0
DA:328,0
DA:329,0
DA:331,0
DA:334,0
DA:336,0
DA:343,0
DA:345,0
DA:346,0
DA:348,0
DA:350,0
DA:351,0
DA:353,0
DA:355,0
DA:365,0
DA:366,0
DA:367,0
DA:368,0
DA:370,0
DA:371,0
DA:372,0
DA:373,0
DA:374,0
DA:375,0
DA:376,0
DA:377,0
DA:378,0
DA:382,0
DA:389,0
DA:432,0
DA:450,0
DA:455,0
DA:457,0
DA:458,0
DA:460,0
DA:467,0
DA:469,0
DA:470,0
DA:472,0
DA:473,0
DA:488,0
DA:490,0
DA:491,0
DA:493,0
DA:495,0
DA:497,0
DA:507,0
DA:517,0
DA:520,0
DA:522,0
DA:523,0
DA:524,0
DA:525,0
DA:527,0
DA:531,0
DA:533,0
DA:534,0
DA:535,0
DA:536,0
DA:538,0
DA:539,0
DA:540,0
DA:542,0
DA:549,0
LF:163
LH:0
BRDA:30,0,0,0
BRDA:44,1,0,0
BRDA:65,2,0,0
BRDA:65,2,1,0
BRDA:66,3,0,0
BRDA:66,3,1,0
BRDA:67,4,0,0
BRDA:67,4,1,0
BRDA:68,5,0,0
BRDA:68,5,1,0
BRDA:69,6,0,0
BRDA:69,6,1,0
BRDA:69,7,0,0
BRDA:69,7,1,0
BRDA:80,8,0,0
BRDA:80,8,1,0
BRDA:80,9,0,0
BRDA:80,9,1,0
BRDA:81,10,0,0
BRDA:81,10,1,0
BRDA:90,11,0,0
BRDA:90,11,1,0
BRDA:94,12,0,0
BRDA:94,12,1,0
BRDA:104,13,0,0
BRDA:104,13,1,0
BRDA:130,14,0,0
BRDA:134,15,0,0
BRDA:134,15,1,0
BRDA:139,16,0,0
BRDA:139,16,1,0
BRDA:140,17,0,0
BRDA:140,17,1,0
BRDA:145,18,0,0
BRDA:145,18,1,0
BRDA:158,19,0,0
BRDA:158,19,1,0
BRDA:195,20,0,0
BRDA:195,20,1,0
BRDA:197,21,0,0
BRDA:197,21,1,0
BRDA:202,22,0,0
BRDA:202,22,1,0
BRDA:206,23,0,0
BRDA:206,23,1,0
BRDA:238,24,0,0
BRDA:238,24,1,0
BRDA:240,25,0,0
BRDA:250,26,0,0
BRDA:255,27,0,0
BRDA:263,28,0,0
BRDA:281,29,0,0
BRDA:281,29,1,0
BRDA:282,30,0,0
BRDA:282,30,1,0
BRDA:284,31,0,0
BRDA:300,32,0,0
BRDA:300,33,0,0
BRDA:300,33,1,0
BRDA:313,34,0,0
BRDA:326,35,0,0
BRDA:331,36,0,0
BRDA:343,37,0,0
BRDA:348,38,0,0
BRDA:351,39,0,0
BRDA:371,40,0,0
BRDA:371,40,1,0
BRDA:375,41,0,0
BRDA:454,42,0,0
BRDA:455,43,0,0
BRDA:460,44,0,0
BRDA:460,44,1,0
BRDA:466,45,0,0
BRDA:467,46,0,0
BRDA:472,47,0,0
BRDA:472,47,1,0
BRDA:495,48,0,0
BRDA:495,48,1,0
BRDA:497,49,0,0
BRDA:497,49,1,0
BRDA:498,50,0,0
BRDA:498,50,1,0
BRDA:499,51,0,0
BRDA:499,51,1,0
BRDA:507,52,0,0
BRDA:507,52,1,0
BRDA:507,53,0,0
BRDA:507,53,1,0
BRDA:517,54,0,0
BRDA:524,55,0,0
BRDA:540,56,0,0
BRDA:540,56,1,0
BRDA:540,57,0,0
BRDA:540,57,1,0
BRF:94
BRH:0
end_of_record
TN:
SF:src/utils/rateLimiter.ts
FN:51,(anonymous_0)
FN:67,(anonymous_1)
FN:84,(anonymous_2)
FN:105,(anonymous_3)
FN:132,(anonymous_4)
FN:141,(anonymous_5)
FN:163,(anonymous_6)
FN:176,(anonymous_7)
FN:189,(anonymous_8)
FN:190,(anonymous_9)
FN:210,(anonymous_10)
FN:226,(anonymous_11)
FN:227,(anonymous_12)
FN:233,(anonymous_13)
FNF:14
FNH:0
FNDA:0,(anonymous_0)
FNDA:0,(anonymous_1)
FNDA:0,(anonymous_2)
FNDA:0,(anonymous_3)
FNDA:0,(anonymous_4)
FNDA:0,(anonymous_5)
FNDA:0,(anonymous_6)
FNDA:0,(anonymous_7)
FNDA:0,(anonymous_8)
FNDA:0,(anonymous_9)
FNDA:0,(anonymous_10)
FNDA:0,(anonymous_11)
FNDA:0,(anonymous_12)
FNDA:0,(anonymous_13)
DA:5,0
DA:6,0
DA:22,0
DA:38,0
DA:43,0
DA:44,0
DA:47,0
DA:48,0
DA:49,0
DA:52,0
DA:53,0
DA:56,0
DA:57,0
DA:59,0
DA:68,0
DA:70,0
DA:71,0
DA:74,0
DA:75,0
DA:78,0
DA:79,0
DA:83,0
DA:84,0
DA:87,0
DA:89,0
DA:90,0
DA:91,0
DA:93,0
DA:99,0
DA:103,0
DA:104,0
DA:105,0
DA:107,0
DA:108,0
DA:109,0
DA:111,0
DA:116,0
DA:121,0
DA:122,0
DA:124,0
DA:125,0
DA:133,0
DA:136,0
DA:137,0
DA:140,0
DA:141,0
DA:142,0
DA:145,0
DA:146,0
DA:147,0
DA:148,0
DA:151,0
DA:153,0
DA:164,0
DA:167,0
DA:169,0
DA:183,0
DA:184,0
DA:186,0
DA:187,0
DA:189,0
DA:190,0
DA:193,0
DA:198,0
DA:211,0
DA:212,0
DA:214,0
DA:215,0
DA:216,0
DA:217,0
DA:219,0
DA:227,0
DA:234,0
DA:235,0
LF:74
LH:0
BRDA:51,0,0,0
BRDA:67,1,0,0
BRDA:71,2,0,0
BRDA:71,2,1,0
BRDA:74,3,0,0
BRDA:74,4,0,0
BRDA:74,4,1,0
BRDA:78,5,0,0
BRDA:78,6,0,0
BRDA:78,6,1,0
BRDA:87,7,0,0
BRDA:87,7,1,0
BRDA:89,8,0,0
BRDA:103,9,0,0
BRDA:107,10,0,0
BRDA:124,11,0,0
BRDA:132,12,0,0
BRDA:136,13,0,0
BRDA:136,13,1,0
BRDA:145,14,0,0
BRDA:145,14,1,0
BRDA:147,15,0,0
BRDA:167,16,0,0
BRDA:186,17,0,0
BRDA:186,17,1,0
BRDA:187,18,0,0
BRDA:187,18,1,0
BRDA:193,19,0,0
BRDA:193,19,1,0
BRDA:193,19,2,0
BRDA:193,19,3,0
BRDA:214,20,0,0
BRF:32
BRH:0
end_of_record
